Ra_D -133333.33333333334
Ra_M 133333.33333333334
Prandtl 0.8333333333333334
76.92307692307692
2023-07-13 02:26:16,345 subsystems 0/48 INFO :: Building subproblem matrices 1/2240 (~0%) Elapsed: 0s, Remaining: 13m 25s, Rate: 2.8e+00/s
2023-07-13 02:26:26,114 subsystems 0/48 INFO :: Building subproblem matrices 64/2240 (~3%) Elapsed: 10s, Remaining: 5m 44s, Rate: 6.3e+00/s
2023-07-13 02:26:36,005 subsystems 0/48 INFO :: Building subproblem matrices 128/2240 (~6%) Elapsed: 20s, Remaining: 5m 30s, Rate: 6.4e+00/s
2023-07-13 02:26:45,986 subsystems 0/48 INFO :: Building subproblem matrices 193/2240 (~9%) Elapsed: 30s, Remaining: 5m 18s, Rate: 6.4e+00/s
2023-07-13 02:26:50,713 subsystems 0/48 INFO :: Building subproblem matrices 224/2240 (~10%) Elapsed: 35s, Remaining: 5m 13s, Rate: 6.5e+00/s
2023-07-13 02:26:56,017 subsystems 0/48 INFO :: Building subproblem matrices 258/2240 (~12%) Elapsed: 40s, Remaining: 5m 08s, Rate: 6.4e+00/s
2023-07-13 02:27:06,252 subsystems 0/48 INFO :: Building subproblem matrices 324/2240 (~14%) Elapsed: 50s, Remaining: 4m 57s, Rate: 6.4e+00/s
2023-07-13 02:27:16,086 subsystems 0/48 INFO :: Building subproblem matrices 387/2240 (~17%) Elapsed: 1m 00s, Remaining: 4m 48s, Rate: 6.4e+00/s
2023-07-13 02:27:25,751 subsystems 0/48 INFO :: Building subproblem matrices 448/2240 (~20%) Elapsed: 1m 10s, Remaining: 4m 39s, Rate: 6.4e+00/s
2023-07-13 02:27:26,061 subsystems 0/48 INFO :: Building subproblem matrices 450/2240 (~20%) Elapsed: 1m 10s, Remaining: 4m 39s, Rate: 6.4e+00/s
2023-07-13 02:27:35,989 subsystems 0/48 INFO :: Building subproblem matrices 514/2240 (~23%) Elapsed: 1m 20s, Remaining: 4m 29s, Rate: 6.4e+00/s
2023-07-13 02:27:46,102 subsystems 0/48 INFO :: Building subproblem matrices 579/2240 (~26%) Elapsed: 1m 30s, Remaining: 4m 19s, Rate: 6.4e+00/s
2023-07-13 02:27:56,104 subsystems 0/48 INFO :: Building subproblem matrices 642/2240 (~29%) Elapsed: 1m 40s, Remaining: 4m 09s, Rate: 6.4e+00/s
2023-07-13 02:28:00,818 subsystems 0/48 INFO :: Building subproblem matrices 672/2240 (~30%) Elapsed: 1m 45s, Remaining: 4m 05s, Rate: 6.4e+00/s
2023-07-13 02:28:06,131 subsystems 0/48 INFO :: Building subproblem matrices 706/2240 (~32%) Elapsed: 1m 50s, Remaining: 3m 59s, Rate: 6.4e+00/s
2023-07-13 02:28:16,078 subsystems 0/48 INFO :: Building subproblem matrices 768/2240 (~34%) Elapsed: 2m 00s, Remaining: 3m 50s, Rate: 6.4e+00/s
2023-07-13 02:28:26,072 subsystems 0/48 INFO :: Building subproblem matrices 832/2240 (~37%) Elapsed: 2m 10s, Remaining: 3m 40s, Rate: 6.4e+00/s
2023-07-13 02:28:36,078 subsystems 0/48 INFO :: Building subproblem matrices 896/2240 (~40%) Elapsed: 2m 20s, Remaining: 3m 30s, Rate: 6.4e+00/s
2023-07-13 02:28:46,100 subsystems 0/48 INFO :: Building subproblem matrices 960/2240 (~43%) Elapsed: 2m 30s, Remaining: 3m 20s, Rate: 6.4e+00/s
2023-07-13 02:28:55,988 subsystems 0/48 INFO :: Building subproblem matrices 1021/2240 (~46%) Elapsed: 2m 40s, Remaining: 3m 11s, Rate: 6.4e+00/s
2023-07-13 02:29:06,129 subsystems 0/48 INFO :: Building subproblem matrices 1086/2240 (~48%) Elapsed: 2m 50s, Remaining: 3m 01s, Rate: 6.4e+00/s
2023-07-13 02:29:11,414 subsystems 0/48 INFO :: Building subproblem matrices 1120/2240 (~50%) Elapsed: 2m 55s, Remaining: 2m 55s, Rate: 6.4e+00/s
2023-07-13 02:29:16,097 subsystems 0/48 INFO :: Building subproblem matrices 1150/2240 (~51%) Elapsed: 3m 00s, Remaining: 2m 51s, Rate: 6.4e+00/s
2023-07-13 02:29:26,086 subsystems 0/48 INFO :: Building subproblem matrices 1214/2240 (~54%) Elapsed: 3m 10s, Remaining: 2m 41s, Rate: 6.4e+00/s
2023-07-13 02:29:36,019 subsystems 0/48 INFO :: Building subproblem matrices 1275/2240 (~57%) Elapsed: 3m 20s, Remaining: 2m 31s, Rate: 6.4e+00/s
2023-07-13 02:29:46,057 subsystems 0/48 INFO :: Building subproblem matrices 1339/2240 (~60%) Elapsed: 3m 30s, Remaining: 2m 21s, Rate: 6.4e+00/s
2023-07-13 02:29:46,838 subsystems 0/48 INFO :: Building subproblem matrices 1344/2240 (~60%) Elapsed: 3m 31s, Remaining: 2m 21s, Rate: 6.4e+00/s
2023-07-13 02:29:56,034 subsystems 0/48 INFO :: Building subproblem matrices 1403/2240 (~63%) Elapsed: 3m 40s, Remaining: 2m 11s, Rate: 6.4e+00/s
2023-07-13 02:30:06,007 subsystems 0/48 INFO :: Building subproblem matrices 1467/2240 (~65%) Elapsed: 3m 50s, Remaining: 2m 01s, Rate: 6.4e+00/s
2023-07-13 02:30:16,141 subsystems 0/48 INFO :: Building subproblem matrices 1532/2240 (~68%) Elapsed: 4m 00s, Remaining: 1m 51s, Rate: 6.4e+00/s
2023-07-13 02:30:22,277 subsystems 0/48 INFO :: Building subproblem matrices 1568/2240 (~70%) Elapsed: 4m 06s, Remaining: 1m 46s, Rate: 6.4e+00/s
2023-07-13 02:30:26,034 subsystems 0/48 INFO :: Building subproblem matrices 1592/2240 (~71%) Elapsed: 4m 10s, Remaining: 1m 42s, Rate: 6.4e+00/s
2023-07-13 02:30:36,068 subsystems 0/48 INFO :: Building subproblem matrices 1656/2240 (~74%) Elapsed: 4m 20s, Remaining: 1m 32s, Rate: 6.4e+00/s
2023-07-13 02:30:46,043 subsystems 0/48 INFO :: Building subproblem matrices 1720/2240 (~77%) Elapsed: 4m 30s, Remaining: 1m 22s, Rate: 6.4e+00/s
2023-07-13 02:30:56,015 subsystems 0/48 INFO :: Building subproblem matrices 1784/2240 (~80%) Elapsed: 4m 40s, Remaining: 1m 12s, Rate: 6.4e+00/s
2023-07-13 02:30:57,262 subsystems 0/48 INFO :: Building subproblem matrices 1792/2240 (~80%) Elapsed: 4m 41s, Remaining: 1m 10s, Rate: 6.4e+00/s
2023-07-13 02:31:05,993 subsystems 0/48 INFO :: Building subproblem matrices 1848/2240 (~82%) Elapsed: 4m 50s, Remaining: 1m 02s, Rate: 6.4e+00/s
2023-07-13 02:31:15,999 subsystems 0/48 INFO :: Building subproblem matrices 1912/2240 (~85%) Elapsed: 5m 00s, Remaining: 51s, Rate: 6.4e+00/s
2023-07-13 02:31:26,265 subsystems 0/48 INFO :: Building subproblem matrices 1973/2240 (~88%) Elapsed: 5m 10s, Remaining: 42s, Rate: 6.4e+00/s
2023-07-13 02:31:32,984 subsystems 0/48 INFO :: Building subproblem matrices 2016/2240 (~90%) Elapsed: 5m 17s, Remaining: 35s, Rate: 6.4e+00/s
2023-07-13 02:31:36,133 subsystems 0/48 INFO :: Building subproblem matrices 2036/2240 (~91%) Elapsed: 5m 20s, Remaining: 32s, Rate: 6.4e+00/s
2023-07-13 02:31:46,138 subsystems 0/48 INFO :: Building subproblem matrices 2100/2240 (~94%) Elapsed: 5m 30s, Remaining: 22s, Rate: 6.4e+00/s
2023-07-13 02:31:56,136 subsystems 0/48 INFO :: Building subproblem matrices 2164/2240 (~97%) Elapsed: 5m 40s, Remaining: 12s, Rate: 6.4e+00/s
2023-07-13 02:32:06,105 subsystems 0/48 INFO :: Building subproblem matrices 2228/2240 (~99%) Elapsed: 5m 50s, Remaining: 2s, Rate: 6.4e+00/s
2023-07-13 02:32:07,984 subsystems 0/48 INFO :: Building subproblem matrices 2240/2240 (~100%) Elapsed: 5m 52s, Remaining: 0s, Rate: 6.4e+00/s
2023-07-13 02:33:03,029 __main__ 0/48 INFO :: Starting main loop
2023-07-13 02:33:46,603 __main__ 0/48 INFO :: Iteration=1, Time=1.250000e-01, dt=1.250000e-01, max(Re)=0.000000
2023-07-13 02:34:44,780 __main__ 0/48 INFO :: Iteration=11, Time=1.375000e+00, dt=1.250000e-01, max(Re)=0.019552
2023-07-13 02:35:42,123 __main__ 0/48 INFO :: Iteration=21, Time=2.625000e+00, dt=1.250000e-01, max(Re)=0.049153
2023-07-13 02:36:39,109 __main__ 0/48 INFO :: Iteration=31, Time=3.875000e+00, dt=1.250000e-01, max(Re)=0.135386
2023-07-13 02:37:36,315 __main__ 0/48 INFO :: Iteration=41, Time=5.125000e+00, dt=1.250000e-01, max(Re)=0.407856
2023-07-13 02:38:33,220 __main__ 0/48 INFO :: Iteration=51, Time=6.375000e+00, dt=1.250000e-01, max(Re)=1.275104
2023-07-13 02:39:30,140 __main__ 0/48 INFO :: Iteration=61, Time=7.625000e+00, dt=1.250000e-01, max(Re)=4.053604
2023-07-13 02:40:27,121 __main__ 0/48 INFO :: Iteration=71, Time=8.875000e+00, dt=1.250000e-01, max(Re)=13.006450
2023-07-13 02:41:24,325 __main__ 0/48 INFO :: Iteration=81, Time=1.012500e+01, dt=1.250000e-01, max(Re)=41.976791
2023-07-13 02:42:21,167 __main__ 0/48 INFO :: Iteration=91, Time=1.137500e+01, dt=1.250000e-01, max(Re)=131.644437
2023-07-13 02:43:30,446 __main__ 0/48 INFO :: Iteration=101, Time=1.200000e+01, dt=6.250000e-02, max(Re)=218.889045
2023-07-13 02:44:37,660 __main__ 0/48 INFO :: Iteration=111, Time=1.231250e+01, dt=3.125000e-02, max(Re)=254.791705
2023-07-13 02:45:42,557 __main__ 0/48 INFO :: Iteration=121, Time=1.249478e+01, dt=1.822751e-02, max(Re)=268.411035
2023-07-13 02:46:48,300 __main__ 0/48 INFO :: Iteration=131, Time=1.265718e+01, dt=1.624051e-02, max(Re)=276.174798
2023-07-13 02:47:54,171 __main__ 0/48 INFO :: Iteration=141, Time=1.280998e+01, dt=1.528027e-02, max(Re)=280.898132
2023-07-13 02:48:45,617 __main__ 0/48 INFO :: Iteration=151, Time=1.296279e+01, dt=1.528027e-02, max(Re)=286.134264
2023-07-13 02:49:38,412 __main__ 0/48 INFO :: Iteration=161, Time=1.311559e+01, dt=1.528027e-02, max(Re)=287.730650
2023-07-13 02:50:43,178 __main__ 0/48 INFO :: Iteration=171, Time=1.326008e+01, dt=1.444962e-02, max(Re)=296.045837
2023-07-13 02:51:35,542 __main__ 0/48 INFO :: Iteration=181, Time=1.340458e+01, dt=1.444962e-02, max(Re)=303.502671
2023-07-13 02:52:28,900 __main__ 0/48 INFO :: Iteration=191, Time=1.354908e+01, dt=1.444962e-02, max(Re)=305.875309
2023-07-13 02:53:21,357 __main__ 0/48 INFO :: Iteration=201, Time=1.369357e+01, dt=1.444962e-02, max(Re)=303.884661
2023-07-13 02:54:14,077 __main__ 0/48 INFO :: Iteration=211, Time=1.383807e+01, dt=1.444962e-02, max(Re)=300.838937
2023-07-13 02:55:06,286 __main__ 0/48 INFO :: Iteration=221, Time=1.398257e+01, dt=1.444962e-02, max(Re)=301.042547
2023-07-13 02:55:59,308 __main__ 0/48 INFO :: Iteration=231, Time=1.412706e+01, dt=1.444962e-02, max(Re)=301.436484
2023-07-13 02:56:52,650 __main__ 0/48 INFO :: Iteration=241, Time=1.427156e+01, dt=1.444962e-02, max(Re)=299.165212
2023-07-13 02:57:44,508 __main__ 0/48 INFO :: Iteration=251, Time=1.441605e+01, dt=1.444962e-02, max(Re)=297.012167
2023-07-13 02:58:34,752 __main__ 0/48 INFO :: Iteration=261, Time=1.456055e+01, dt=1.444962e-02, max(Re)=295.806489
2023-07-13 02:59:22,460 __main__ 0/48 INFO :: Iteration=271, Time=1.470505e+01, dt=1.444962e-02, max(Re)=296.549362
2023-07-13 03:00:12,165 __main__ 0/48 INFO :: Iteration=281, Time=1.484954e+01, dt=1.444962e-02, max(Re)=297.083048
2023-07-13 03:01:01,891 __main__ 0/48 INFO :: Iteration=291, Time=1.499404e+01, dt=1.444962e-02, max(Re)=297.385626
2023-07-13 03:01:54,118 __main__ 0/48 INFO :: Iteration=301, Time=1.513854e+01, dt=1.444962e-02, max(Re)=297.531788
2023-07-13 03:02:46,140 __main__ 0/48 INFO :: Iteration=311, Time=1.528303e+01, dt=1.444962e-02, max(Re)=297.709013
2023-07-13 03:03:37,700 __main__ 0/48 INFO :: Iteration=321, Time=1.542753e+01, dt=1.444962e-02, max(Re)=297.721039
2023-07-13 03:04:30,347 __main__ 0/48 INFO :: Iteration=331, Time=1.557202e+01, dt=1.444962e-02, max(Re)=297.619513
2023-07-13 03:05:22,571 __main__ 0/48 INFO :: Iteration=341, Time=1.571652e+01, dt=1.444962e-02, max(Re)=297.430325
2023-07-13 03:06:15,632 __main__ 0/48 INFO :: Iteration=351, Time=1.586102e+01, dt=1.444962e-02, max(Re)=297.180529
2023-07-13 03:07:07,443 __main__ 0/48 INFO :: Iteration=361, Time=1.600551e+01, dt=1.444962e-02, max(Re)=296.895922
2023-07-13 03:08:00,426 __main__ 0/48 INFO :: Iteration=371, Time=1.615001e+01, dt=1.444962e-02, max(Re)=296.597716
2023-07-13 03:08:53,108 __main__ 0/48 INFO :: Iteration=381, Time=1.629450e+01, dt=1.444962e-02, max(Re)=296.300079
2023-07-13 03:09:45,258 __main__ 0/48 INFO :: Iteration=391, Time=1.643900e+01, dt=1.444962e-02, max(Re)=296.001908
2023-07-13 03:10:39,362 __main__ 0/48 INFO :: Iteration=401, Time=1.658350e+01, dt=1.444962e-02, max(Re)=295.695493
2023-07-13 03:11:31,250 __main__ 0/48 INFO :: Iteration=411, Time=1.672799e+01, dt=1.444962e-02, max(Re)=295.367444
2023-07-13 03:12:24,626 __main__ 0/48 INFO :: Iteration=421, Time=1.687249e+01, dt=1.444962e-02, max(Re)=294.995329
2023-07-13 03:13:17,692 __main__ 0/48 INFO :: Iteration=431, Time=1.701699e+01, dt=1.444962e-02, max(Re)=294.548651
2023-07-13 03:14:09,758 __main__ 0/48 INFO :: Iteration=441, Time=1.716148e+01, dt=1.444962e-02, max(Re)=293.989044
2023-07-13 03:15:03,152 __main__ 0/48 INFO :: Iteration=451, Time=1.730598e+01, dt=1.444962e-02, max(Re)=293.269762
2023-07-13 03:15:55,177 __main__ 0/48 INFO :: Iteration=461, Time=1.745047e+01, dt=1.444962e-02, max(Re)=292.338376
2023-07-13 03:16:48,361 __main__ 0/48 INFO :: Iteration=471, Time=1.759497e+01, dt=1.444962e-02, max(Re)=291.138248
2023-07-13 03:17:40,119 __main__ 0/48 INFO :: Iteration=481, Time=1.773947e+01, dt=1.444962e-02, max(Re)=289.610267
2023-07-13 03:18:33,616 __main__ 0/48 INFO :: Iteration=491, Time=1.788396e+01, dt=1.444962e-02, max(Re)=287.694650
2023-07-13 03:19:28,099 __main__ 0/48 INFO :: Iteration=501, Time=1.802846e+01, dt=1.444962e-02, max(Re)=285.333717
2023-07-13 03:20:20,188 __main__ 0/48 INFO :: Iteration=511, Time=1.817296e+01, dt=1.444962e-02, max(Re)=282.472093
2023-07-13 03:21:13,549 __main__ 0/48 INFO :: Iteration=521, Time=1.831745e+01, dt=1.444962e-02, max(Re)=279.152634
2023-07-13 03:22:05,702 __main__ 0/48 INFO :: Iteration=531, Time=1.846195e+01, dt=1.444962e-02, max(Re)=276.104964
2023-07-13 03:23:13,369 __main__ 0/48 INFO :: Iteration=541, Time=1.861463e+01, dt=1.526866e-02, max(Re)=272.567843
2023-07-13 03:24:06,895 __main__ 0/48 INFO :: Iteration=551, Time=1.876732e+01, dt=1.526866e-02, max(Re)=268.444475
2023-07-13 03:24:58,837 __main__ 0/48 INFO :: Iteration=561, Time=1.892001e+01, dt=1.526866e-02, max(Re)=264.777999
2023-07-13 03:25:52,176 __main__ 0/48 INFO :: Iteration=571, Time=1.907269e+01, dt=1.526866e-02, max(Re)=267.385394
2023-07-13 03:26:58,378 __main__ 0/48 INFO :: Iteration=581, Time=1.923432e+01, dt=1.616243e-02, max(Re)=275.803018
2023-07-13 03:27:51,751 __main__ 0/48 INFO :: Iteration=591, Time=1.939594e+01, dt=1.616243e-02, max(Re)=279.610554
2023-07-13 03:28:45,682 __main__ 0/48 INFO :: Iteration=601, Time=1.955757e+01, dt=1.616243e-02, max(Re)=278.131518
2023-07-13 03:29:49,591 __main__ 0/48 INFO :: Iteration=611, Time=1.972971e+01, dt=1.721469e-02, max(Re)=271.994776
2023-07-13 03:30:41,545 __main__ 0/48 INFO :: Iteration=621, Time=1.990186e+01, dt=1.721469e-02, max(Re)=263.273374
2023-07-13 03:31:33,510 __main__ 0/48 INFO :: Iteration=631, Time=2.007401e+01, dt=1.721469e-02, max(Re)=253.115546
2023-07-13 03:32:38,618 __main__ 0/48 INFO :: Iteration=641, Time=2.025482e+01, dt=1.808142e-02, max(Re)=241.494771
2023-07-13 03:33:31,614 __main__ 0/48 INFO :: Iteration=651, Time=2.043564e+01, dt=1.808142e-02, max(Re)=229.175737
2023-07-13 03:34:39,069 __main__ 0/48 INFO :: Iteration=661, Time=2.063147e+01, dt=1.958288e-02, max(Re)=215.267253
2023-07-13 03:35:32,676 __main__ 0/48 INFO :: Iteration=671, Time=2.082729e+01, dt=1.958288e-02, max(Re)=204.580181
2023-07-13 03:36:40,755 __main__ 0/48 INFO :: Iteration=681, Time=2.103569e+01, dt=2.083920e-02, max(Re)=196.331763
2023-07-13 03:37:33,337 __main__ 0/48 INFO :: Iteration=691, Time=2.124408e+01, dt=2.083920e-02, max(Re)=188.009531
2023-07-13 03:38:41,906 __main__ 0/48 INFO :: Iteration=701, Time=2.146751e+01, dt=2.234341e-02, max(Re)=178.765939
2023-07-13 03:39:35,643 __main__ 0/48 INFO :: Iteration=711, Time=2.169095e+01, dt=2.234341e-02, max(Re)=177.360379
2023-07-13 03:40:43,513 __main__ 0/48 INFO :: Iteration=721, Time=2.193846e+01, dt=2.475188e-02, max(Re)=175.595584
2023-07-13 03:41:51,276 __main__ 0/48 INFO :: Iteration=731, Time=2.220269e+01, dt=2.642264e-02, max(Re)=172.556138
2023-07-13 03:42:45,078 __main__ 0/48 INFO :: Iteration=741, Time=2.246692e+01, dt=2.642264e-02, max(Re)=166.656054
2023-07-13 03:43:38,765 __main__ 0/48 INFO :: Iteration=751, Time=2.273114e+01, dt=2.642264e-02, max(Re)=158.278998
2023-07-13 03:44:32,758 __main__ 0/48 INFO :: Iteration=761, Time=2.299537e+01, dt=2.642264e-02, max(Re)=151.687913
2023-07-13 03:45:26,334 __main__ 0/48 INFO :: Iteration=771, Time=2.325960e+01, dt=2.642264e-02, max(Re)=148.586658
2023-07-13 03:46:19,813 __main__ 0/48 INFO :: Iteration=781, Time=2.352382e+01, dt=2.642264e-02, max(Re)=144.544223
2023-07-13 03:47:15,425 __main__ 0/48 INFO :: Iteration=791, Time=2.378805e+01, dt=2.642264e-02, max(Re)=139.572265
2023-07-13 03:48:24,217 __main__ 0/48 INFO :: Iteration=801, Time=2.407259e+01, dt=2.845397e-02, max(Re)=133.670234
2023-07-13 03:49:18,133 __main__ 0/48 INFO :: Iteration=811, Time=2.435713e+01, dt=2.845397e-02, max(Re)=127.273177
2023-07-13 03:50:26,857 __main__ 0/48 INFO :: Iteration=821, Time=2.466843e+01, dt=3.113004e-02, max(Re)=120.044120
2023-07-13 03:51:35,312 __main__ 0/48 INFO :: Iteration=831, Time=2.499739e+01, dt=3.289580e-02, max(Re)=111.975507
2023-07-13 03:52:45,285 __main__ 0/48 INFO :: Iteration=841, Time=2.534957e+01, dt=3.521805e-02, max(Re)=103.076882
2023-07-13 03:53:54,178 __main__ 0/48 INFO :: Iteration=851, Time=2.573164e+01, dt=3.820726e-02, max(Re)=96.766612
2023-07-13 03:55:04,269 __main__ 0/48 INFO :: Iteration=861, Time=2.615279e+01, dt=4.211512e-02, max(Re)=95.594953
2023-07-13 03:56:14,245 __main__ 0/48 INFO :: Iteration=871, Time=2.662761e+01, dt=4.748138e-02, max(Re)=88.475033
2023-07-13 03:57:24,542 __main__ 0/48 INFO :: Iteration=881, Time=2.717509e+01, dt=5.474875e-02, max(Re)=71.925793
2023-07-13 03:58:36,481 __main__ 0/48 INFO :: Iteration=891, Time=2.782444e+01, dt=6.493484e-02, max(Re)=62.445490
2023-07-13 03:59:47,310 __main__ 0/48 INFO :: Iteration=901, Time=2.853321e+01, dt=7.087678e-02, max(Re)=54.909985
2023-07-13 04:00:56,949 __main__ 0/48 INFO :: Iteration=911, Time=2.931876e+01, dt=7.855477e-02, max(Re)=46.148276
2023-07-13 04:02:07,545 __main__ 0/48 INFO :: Iteration=921, Time=3.022561e+01, dt=9.068508e-02, max(Re)=35.486142
2023-07-13 04:03:19,284 __main__ 0/48 INFO :: Iteration=931, Time=3.135856e+01, dt=1.132956e-01, max(Re)=32.531586
2023-07-13 04:04:32,977 __main__ 0/48 INFO :: Iteration=941, Time=3.260856e+01, dt=1.250000e-01, max(Re)=29.873608
2023-07-13 04:05:32,128 __main__ 0/48 INFO :: Iteration=951, Time=3.385856e+01, dt=1.250000e-01, max(Re)=26.392465
2023-07-13 04:06:31,362 __main__ 0/48 INFO :: Iteration=961, Time=3.510856e+01, dt=1.250000e-01, max(Re)=24.748411
2023-07-13 04:07:30,411 __main__ 0/48 INFO :: Iteration=971, Time=3.635856e+01, dt=1.250000e-01, max(Re)=23.360966
2023-07-13 04:08:29,550 __main__ 0/48 INFO :: Iteration=981, Time=3.760856e+01, dt=1.250000e-01, max(Re)=21.662112
2023-07-13 04:09:29,405 __main__ 0/48 INFO :: Iteration=991, Time=3.885856e+01, dt=1.250000e-01, max(Re)=19.513448
2023-07-13 04:10:29,237 __main__ 0/48 INFO :: Iteration=1001, Time=4.010856e+01, dt=1.250000e-01, max(Re)=18.017341
2023-07-13 04:11:28,359 __main__ 0/48 INFO :: Iteration=1011, Time=4.135856e+01, dt=1.250000e-01, max(Re)=17.484989
2023-07-13 04:12:27,693 __main__ 0/48 INFO :: Iteration=1021, Time=4.260856e+01, dt=1.250000e-01, max(Re)=17.205761
2023-07-13 04:13:27,186 __main__ 0/48 INFO :: Iteration=1031, Time=4.385856e+01, dt=1.250000e-01, max(Re)=16.388445
2023-07-13 04:14:26,439 __main__ 0/48 INFO :: Iteration=1041, Time=4.510856e+01, dt=1.250000e-01, max(Re)=15.245758
2023-07-13 04:15:26,484 __main__ 0/48 INFO :: Iteration=1051, Time=4.635856e+01, dt=1.250000e-01, max(Re)=14.301504
2023-07-13 04:16:25,549 __main__ 0/48 INFO :: Iteration=1061, Time=4.760856e+01, dt=1.250000e-01, max(Re)=13.637327
2023-07-13 04:17:25,063 __main__ 0/48 INFO :: Iteration=1071, Time=4.885856e+01, dt=1.250000e-01, max(Re)=13.026566
2023-07-13 04:18:23,990 __main__ 0/48 INFO :: Iteration=1081, Time=5.010856e+01, dt=1.250000e-01, max(Re)=12.345094
2023-07-13 04:19:23,239 __main__ 0/48 INFO :: Iteration=1091, Time=5.135856e+01, dt=1.250000e-01, max(Re)=11.764853
2023-07-13 04:20:22,721 __main__ 0/48 INFO :: Iteration=1101, Time=5.260856e+01, dt=1.250000e-01, max(Re)=11.405681
2023-07-13 04:21:21,624 __main__ 0/48 INFO :: Iteration=1111, Time=5.385856e+01, dt=1.250000e-01, max(Re)=11.088243
2023-07-13 04:22:20,665 __main__ 0/48 INFO :: Iteration=1121, Time=5.510856e+01, dt=1.250000e-01, max(Re)=10.559907
2023-07-13 04:23:19,927 __main__ 0/48 INFO :: Iteration=1131, Time=5.635856e+01, dt=1.250000e-01, max(Re)=9.839426
2023-07-13 04:24:19,206 __main__ 0/48 INFO :: Iteration=1141, Time=5.760856e+01, dt=1.250000e-01, max(Re)=9.221200
2023-07-13 04:25:18,057 __main__ 0/48 INFO :: Iteration=1151, Time=5.885856e+01, dt=1.250000e-01, max(Re)=8.857860
2023-07-13 04:26:16,692 __main__ 0/48 INFO :: Iteration=1161, Time=6.010856e+01, dt=1.250000e-01, max(Re)=8.677477
2023-07-13 04:27:15,946 __main__ 0/48 INFO :: Iteration=1171, Time=6.135856e+01, dt=1.250000e-01, max(Re)=8.577078
2023-07-13 04:28:14,808 __main__ 0/48 INFO :: Iteration=1181, Time=6.260856e+01, dt=1.250000e-01, max(Re)=8.490231
2023-07-13 04:29:13,606 __main__ 0/48 INFO :: Iteration=1191, Time=6.385856e+01, dt=1.250000e-01, max(Re)=8.395696
2023-07-13 04:30:12,989 __main__ 0/48 INFO :: Iteration=1201, Time=6.510856e+01, dt=1.250000e-01, max(Re)=8.253292
2023-07-13 04:31:10,697 __main__ 0/48 INFO :: Iteration=1211, Time=6.635856e+01, dt=1.250000e-01, max(Re)=8.010961
2023-07-13 04:32:06,562 __main__ 0/48 INFO :: Iteration=1221, Time=6.760856e+01, dt=1.250000e-01, max(Re)=7.671791
2023-07-13 04:33:02,141 __main__ 0/48 INFO :: Iteration=1231, Time=6.885856e+01, dt=1.250000e-01, max(Re)=7.298821
2023-07-13 04:33:57,967 __main__ 0/48 INFO :: Iteration=1241, Time=7.010856e+01, dt=1.250000e-01, max(Re)=6.976982
2023-07-13 04:34:54,336 __main__ 0/48 INFO :: Iteration=1251, Time=7.135856e+01, dt=1.250000e-01, max(Re)=6.758200
2023-07-13 04:35:51,926 __main__ 0/48 INFO :: Iteration=1261, Time=7.260856e+01, dt=1.250000e-01, max(Re)=6.616590
2023-07-13 04:36:50,219 __main__ 0/48 INFO :: Iteration=1271, Time=7.385856e+01, dt=1.250000e-01, max(Re)=6.478251
2023-07-13 04:37:48,909 __main__ 0/48 INFO :: Iteration=1281, Time=7.510856e+01, dt=1.250000e-01, max(Re)=6.272627
2023-07-13 04:38:47,401 __main__ 0/48 INFO :: Iteration=1291, Time=7.635856e+01, dt=1.250000e-01, max(Re)=6.016064
2023-07-13 04:39:46,614 __main__ 0/48 INFO :: Iteration=1301, Time=7.760856e+01, dt=1.250000e-01, max(Re)=5.767571
2023-07-13 04:40:45,111 __main__ 0/48 INFO :: Iteration=1311, Time=7.885856e+01, dt=1.250000e-01, max(Re)=5.576312
2023-07-13 04:41:41,909 __main__ 0/48 INFO :: Iteration=1321, Time=8.010856e+01, dt=1.250000e-01, max(Re)=5.454201
2023-07-13 04:42:39,275 __main__ 0/48 INFO :: Iteration=1331, Time=8.135856e+01, dt=1.250000e-01, max(Re)=5.383153
2023-07-13 04:43:35,331 __main__ 0/48 INFO :: Iteration=1341, Time=8.260856e+01, dt=1.250000e-01, max(Re)=5.339523
2023-07-13 04:44:32,307 __main__ 0/48 INFO :: Iteration=1351, Time=8.385856e+01, dt=1.250000e-01, max(Re)=5.296377
2023-07-13 04:45:28,637 __main__ 0/48 INFO :: Iteration=1361, Time=8.510856e+01, dt=1.250000e-01, max(Re)=5.222456
2023-07-13 04:46:25,874 __main__ 0/48 INFO :: Iteration=1371, Time=8.635856e+01, dt=1.250000e-01, max(Re)=5.095383
2023-07-13 04:47:22,699 __main__ 0/48 INFO :: Iteration=1381, Time=8.760856e+01, dt=1.250000e-01, max(Re)=4.920630
2023-07-13 04:48:18,498 __main__ 0/48 INFO :: Iteration=1391, Time=8.885856e+01, dt=1.250000e-01, max(Re)=4.732100
2023-07-13 04:49:15,934 __main__ 0/48 INFO :: Iteration=1401, Time=9.010856e+01, dt=1.250000e-01, max(Re)=4.567695
2023-07-13 04:50:12,099 __main__ 0/48 INFO :: Iteration=1411, Time=9.135856e+01, dt=1.250000e-01, max(Re)=4.444043
2023-07-13 04:51:08,663 __main__ 0/48 INFO :: Iteration=1421, Time=9.260856e+01, dt=1.250000e-01, max(Re)=4.349745
2023-07-13 04:52:05,556 __main__ 0/48 INFO :: Iteration=1431, Time=9.385856e+01, dt=1.250000e-01, max(Re)=4.258962
2023-07-13 04:53:02,150 __main__ 0/48 INFO :: Iteration=1441, Time=9.510856e+01, dt=1.250000e-01, max(Re)=4.152172
2023-07-13 04:53:59,407 __main__ 0/48 INFO :: Iteration=1451, Time=9.635856e+01, dt=1.250000e-01, max(Re)=4.028192
2023-07-13 04:54:56,264 __main__ 0/48 INFO :: Iteration=1461, Time=9.760856e+01, dt=1.250000e-01, max(Re)=3.901457
2023-07-13 04:55:53,126 __main__ 0/48 INFO :: Iteration=1471, Time=9.885856e+01, dt=1.250000e-01, max(Re)=3.789239
2023-07-13 04:56:49,855 __main__ 0/48 INFO :: Iteration=1481, Time=1.001086e+02, dt=1.250000e-01, max(Re)=3.699730
2023-07-13 04:57:46,107 __main__ 0/48 INFO :: Iteration=1491, Time=1.013586e+02, dt=1.250000e-01, max(Re)=3.628589
2023-07-13 04:58:43,582 __main__ 0/48 INFO :: Iteration=1501, Time=1.026086e+02, dt=1.250000e-01, max(Re)=3.564204
2023-07-13 04:59:40,494 __main__ 0/48 INFO :: Iteration=1511, Time=1.038586e+02, dt=1.250000e-01, max(Re)=3.496617
2023-07-13 05:00:36,957 __main__ 0/48 INFO :: Iteration=1521, Time=1.051086e+02, dt=1.250000e-01, max(Re)=3.423112
2023-07-13 05:01:33,660 __main__ 0/48 INFO :: Iteration=1531, Time=1.063586e+02, dt=1.250000e-01, max(Re)=3.347909
2023-07-13 05:02:28,537 __main__ 0/48 INFO :: Iteration=1541, Time=1.076086e+02, dt=1.250000e-01, max(Re)=3.277341
2023-07-13 05:03:22,439 __main__ 0/48 INFO :: Iteration=1551, Time=1.088586e+02, dt=1.250000e-01, max(Re)=3.214895
2023-07-13 05:04:16,524 __main__ 0/48 INFO :: Iteration=1561, Time=1.101086e+02, dt=1.250000e-01, max(Re)=3.160087
2023-07-13 05:05:10,779 __main__ 0/48 INFO :: Iteration=1571, Time=1.113586e+02, dt=1.250000e-01, max(Re)=3.109982
2023-07-13 05:06:05,887 __main__ 0/48 INFO :: Iteration=1581, Time=1.126086e+02, dt=1.250000e-01, max(Re)=3.060977
2023-07-13 05:07:01,262 __main__ 0/48 INFO :: Iteration=1591, Time=1.138586e+02, dt=1.250000e-01, max(Re)=3.010158
2023-07-13 05:07:58,063 __main__ 0/48 INFO :: Iteration=1601, Time=1.151086e+02, dt=1.250000e-01, max(Re)=2.954899
2023-07-13 05:08:54,771 __main__ 0/48 INFO :: Iteration=1611, Time=1.163586e+02, dt=1.250000e-01, max(Re)=2.893873
2023-07-13 05:09:51,361 __main__ 0/48 INFO :: Iteration=1621, Time=1.176086e+02, dt=1.250000e-01, max(Re)=2.827255
2023-07-13 05:10:48,400 __main__ 0/48 INFO :: Iteration=1631, Time=1.188586e+02, dt=1.250000e-01, max(Re)=2.757150
2023-07-13 05:11:44,801 __main__ 0/48 INFO :: Iteration=1641, Time=1.201086e+02, dt=1.250000e-01, max(Re)=2.687089
2023-07-13 05:12:41,207 __main__ 0/48 INFO :: Iteration=1651, Time=1.213586e+02, dt=1.250000e-01, max(Re)=2.620782
2023-07-13 05:13:38,027 __main__ 0/48 INFO :: Iteration=1661, Time=1.226086e+02, dt=1.250000e-01, max(Re)=2.560768
2023-07-13 05:14:34,442 __main__ 0/48 INFO :: Iteration=1671, Time=1.238586e+02, dt=1.250000e-01, max(Re)=2.507644
2023-07-13 05:15:31,642 __main__ 0/48 INFO :: Iteration=1681, Time=1.251086e+02, dt=1.250000e-01, max(Re)=2.460319
2023-07-13 05:16:28,025 __main__ 0/48 INFO :: Iteration=1691, Time=1.263586e+02, dt=1.250000e-01, max(Re)=2.417053
2023-07-13 05:17:25,341 __main__ 0/48 INFO :: Iteration=1701, Time=1.276086e+02, dt=1.250000e-01, max(Re)=2.376423
2023-07-13 05:18:22,209 __main__ 0/48 INFO :: Iteration=1711, Time=1.288586e+02, dt=1.250000e-01, max(Re)=2.337433
2023-07-13 05:19:18,696 __main__ 0/48 INFO :: Iteration=1721, Time=1.301086e+02, dt=1.250000e-01, max(Re)=2.299014
2023-07-13 05:20:15,710 __main__ 0/48 INFO :: Iteration=1731, Time=1.313586e+02, dt=1.250000e-01, max(Re)=2.259748
2023-07-13 05:21:12,511 __main__ 0/48 INFO :: Iteration=1741, Time=1.326086e+02, dt=1.250000e-01, max(Re)=2.218377
2023-07-13 05:22:09,550 __main__ 0/48 INFO :: Iteration=1751, Time=1.338586e+02, dt=1.250000e-01, max(Re)=2.174577
2023-07-13 05:23:06,846 __main__ 0/48 INFO :: Iteration=1761, Time=1.351086e+02, dt=1.250000e-01, max(Re)=2.129240
2023-07-13 05:24:03,049 __main__ 0/48 INFO :: Iteration=1771, Time=1.363586e+02, dt=1.250000e-01, max(Re)=2.084092
2023-07-13 05:25:00,029 __main__ 0/48 INFO :: Iteration=1781, Time=1.376086e+02, dt=1.250000e-01, max(Re)=2.041010
2023-07-13 05:25:57,050 __main__ 0/48 INFO :: Iteration=1791, Time=1.388586e+02, dt=1.250000e-01, max(Re)=2.001058
2023-07-13 05:26:53,932 __main__ 0/48 INFO :: Iteration=1801, Time=1.401086e+02, dt=1.250000e-01, max(Re)=1.964613
2023-07-13 05:27:50,763 __main__ 0/48 INFO :: Iteration=1811, Time=1.413586e+02, dt=1.250000e-01, max(Re)=1.930911
2023-07-13 05:28:46,867 __main__ 0/48 INFO :: Iteration=1821, Time=1.426086e+02, dt=1.250000e-01, max(Re)=1.898360
2023-07-13 05:29:43,705 __main__ 0/48 INFO :: Iteration=1831, Time=1.438586e+02, dt=1.250000e-01, max(Re)=1.865481
2023-07-13 05:30:40,718 __main__ 0/48 INFO :: Iteration=1841, Time=1.451086e+02, dt=1.250000e-01, max(Re)=1.831837
2023-07-13 05:31:36,849 __main__ 0/48 INFO :: Iteration=1851, Time=1.463586e+02, dt=1.250000e-01, max(Re)=1.798127
2023-07-13 05:32:32,585 __main__ 0/48 INFO :: Iteration=1861, Time=1.476086e+02, dt=1.250000e-01, max(Re)=1.765395
2023-07-13 05:33:28,287 __main__ 0/48 INFO :: Iteration=1871, Time=1.488586e+02, dt=1.250000e-01, max(Re)=1.734142
2023-07-13 05:34:23,062 __main__ 0/48 INFO :: Iteration=1881, Time=1.501086e+02, dt=1.250000e-01, max(Re)=1.704117
2023-07-13 05:35:17,723 __main__ 0/48 INFO :: Iteration=1891, Time=1.513586e+02, dt=1.250000e-01, max(Re)=1.674788
2023-07-13 05:36:14,114 __main__ 0/48 INFO :: Iteration=1901, Time=1.526086e+02, dt=1.250000e-01, max(Re)=1.645856
2023-07-13 05:37:10,969 __main__ 0/48 INFO :: Iteration=1911, Time=1.538586e+02, dt=1.250000e-01, max(Re)=1.617360
2023-07-13 05:38:07,366 __main__ 0/48 INFO :: Iteration=1921, Time=1.551086e+02, dt=1.250000e-01, max(Re)=1.589485
2023-07-13 05:39:04,254 __main__ 0/48 INFO :: Iteration=1931, Time=1.563586e+02, dt=1.250000e-01, max(Re)=1.562367
2023-07-13 05:40:01,211 __main__ 0/48 INFO :: Iteration=1941, Time=1.576086e+02, dt=1.250000e-01, max(Re)=1.536048
2023-07-13 05:40:57,237 __main__ 0/48 INFO :: Iteration=1951, Time=1.588586e+02, dt=1.250000e-01, max(Re)=1.510461
2023-07-13 05:41:53,952 __main__ 0/48 INFO :: Iteration=1961, Time=1.601086e+02, dt=1.250000e-01, max(Re)=1.485390
2023-07-13 05:42:50,339 __main__ 0/48 INFO :: Iteration=1971, Time=1.613586e+02, dt=1.250000e-01, max(Re)=1.460525
2023-07-13 05:43:45,102 __main__ 0/48 INFO :: Iteration=1981, Time=1.626086e+02, dt=1.250000e-01, max(Re)=1.435640
2023-07-13 05:44:38,627 __main__ 0/48 INFO :: Iteration=1991, Time=1.638586e+02, dt=1.250000e-01, max(Re)=1.410762
2023-07-13 05:45:32,420 __main__ 0/48 INFO :: Iteration=2001, Time=1.651086e+02, dt=1.250000e-01, max(Re)=1.386154
2023-07-13 05:46:26,257 __main__ 0/48 INFO :: Iteration=2011, Time=1.663586e+02, dt=1.250000e-01, max(Re)=1.362114
2023-07-13 05:47:20,424 __main__ 0/48 INFO :: Iteration=2021, Time=1.676086e+02, dt=1.250000e-01, max(Re)=1.338825
2023-07-13 05:48:14,273 __main__ 0/48 INFO :: Iteration=2031, Time=1.688586e+02, dt=1.250000e-01, max(Re)=1.316503
2023-07-13 05:49:07,197 __main__ 0/48 INFO :: Iteration=2041, Time=1.701086e+02, dt=1.250000e-01, max(Re)=1.298154
2023-07-13 05:50:00,241 __main__ 0/48 INFO :: Iteration=2051, Time=1.713586e+02, dt=1.250000e-01, max(Re)=1.279989
2023-07-13 05:50:53,585 __main__ 0/48 INFO :: Iteration=2061, Time=1.726086e+02, dt=1.250000e-01, max(Re)=1.262075
2023-07-13 05:51:49,494 __main__ 0/48 INFO :: Iteration=2071, Time=1.738586e+02, dt=1.250000e-01, max(Re)=1.244496
2023-07-13 05:52:43,813 __main__ 0/48 INFO :: Iteration=2081, Time=1.751086e+02, dt=1.250000e-01, max(Re)=1.227286
2023-07-13 05:53:36,441 __main__ 0/48 INFO :: Iteration=2091, Time=1.763586e+02, dt=1.250000e-01, max(Re)=1.210428
2023-07-13 05:54:29,253 __main__ 0/48 INFO :: Iteration=2101, Time=1.776086e+02, dt=1.250000e-01, max(Re)=1.193887
2023-07-13 05:55:21,519 __main__ 0/48 INFO :: Iteration=2111, Time=1.788586e+02, dt=1.250000e-01, max(Re)=1.177637
2023-07-13 05:56:14,079 __main__ 0/48 INFO :: Iteration=2121, Time=1.801086e+02, dt=1.250000e-01, max(Re)=1.161646
2023-07-13 05:57:07,831 __main__ 0/48 INFO :: Iteration=2131, Time=1.813586e+02, dt=1.250000e-01, max(Re)=1.145875
2023-07-13 05:58:01,998 __main__ 0/48 INFO :: Iteration=2141, Time=1.826086e+02, dt=1.250000e-01, max(Re)=1.130285
2023-07-13 05:58:55,613 __main__ 0/48 INFO :: Iteration=2151, Time=1.838586e+02, dt=1.250000e-01, max(Re)=1.114869
2023-07-13 05:59:47,921 __main__ 0/48 INFO :: Iteration=2161, Time=1.851086e+02, dt=1.250000e-01, max(Re)=1.099668
2023-07-13 06:00:41,188 __main__ 0/48 INFO :: Iteration=2171, Time=1.863586e+02, dt=1.250000e-01, max(Re)=1.084749
2023-07-13 06:01:34,864 __main__ 0/48 INFO :: Iteration=2181, Time=1.876086e+02, dt=1.250000e-01, max(Re)=1.070160
2023-07-13 06:02:29,251 __main__ 0/48 INFO :: Iteration=2191, Time=1.888586e+02, dt=1.250000e-01, max(Re)=1.055890
2023-07-13 06:03:23,909 __main__ 0/48 INFO :: Iteration=2201, Time=1.901086e+02, dt=1.250000e-01, max(Re)=1.041882
2023-07-13 06:04:17,172 __main__ 0/48 INFO :: Iteration=2211, Time=1.913586e+02, dt=1.250000e-01, max(Re)=1.028075
2023-07-13 06:05:10,155 __main__ 0/48 INFO :: Iteration=2221, Time=1.926086e+02, dt=1.250000e-01, max(Re)=1.014450
2023-07-13 06:06:04,271 __main__ 0/48 INFO :: Iteration=2231, Time=1.938586e+02, dt=1.250000e-01, max(Re)=1.001031
2023-07-13 06:06:59,162 __main__ 0/48 INFO :: Iteration=2241, Time=1.951086e+02, dt=1.250000e-01, max(Re)=0.987847
2023-07-13 06:07:51,923 __main__ 0/48 INFO :: Iteration=2251, Time=1.963586e+02, dt=1.250000e-01, max(Re)=0.974890
2023-07-13 06:08:45,090 __main__ 0/48 INFO :: Iteration=2261, Time=1.976086e+02, dt=1.250000e-01, max(Re)=0.962123
2023-07-13 06:09:39,057 __main__ 0/48 INFO :: Iteration=2271, Time=1.988586e+02, dt=1.250000e-01, max(Re)=0.949500
2023-07-13 06:10:32,264 __main__ 0/48 INFO :: Iteration=2281, Time=2.001086e+02, dt=1.250000e-01, max(Re)=0.937020
2023-07-13 06:10:32,265 solvers 0/48 INFO :: Simulation stop time reached.
2023-07-13 06:10:32,265 solvers 0/48 INFO :: Final iteration: 2281
2023-07-13 06:10:32,265 solvers 0/48 INFO :: Final sim time: 200.1085629415769
2023-07-13 06:10:32,265 solvers 0/48 INFO :: Setup time (init - iter 0): 411.4 sec
2023-07-13 06:10:32,265 solvers 0/48 INFO :: Warmup time (iter 0-10): 90.94 sec
2023-07-13 06:10:32,265 solvers 0/48 INFO :: Run time (iter 10-end): 1.295e+04 sec
2023-07-13 06:10:32,265 solvers 0/48 INFO :: CPU time (iter 10-end): 172.7 cpu-hr
2023-07-13 06:10:32,265 solvers 0/48 INFO :: Speed: 6.025e+05 mode-stages/cpu-sec
Ra_D -133333.33333333334
Ra_M 133333.33333333334
Prandtl 0.8333333333333334
76.92307692307692
Ra_D -133333.33333333334
Ra_M 133333.33333333334
Prandtl 0.8333333333333334
76.92307692307692
Ra_D -133333.33333333334
Ra_M 133333.33333333334
Prandtl 0.8333333333333334
76.92307692307692
Ra_D -133333.33333333334
Ra_M 133333.33333333334
Prandtl 0.8333333333333334
76.92307692307692
Ra_D -133333.33333333334
Ra_M 133333.33333333334
Prandtl 0.8333333333333334
76.92307692307692
Ra_D -133333.33333333334
Ra_M 133333.33333333334
Prandtl 0.8333333333333334
76.92307692307692
Ra_D -133333.33333333334
Ra_M 133333.33333333334
Prandtl 0.8333333333333334
76.92307692307692
Ra_D -133333.33333333334
Ra_M 133333.33333333334
Prandtl 0.8333333333333334
76.92307692307692
Ra_D -133333.33333333334
Ra_M 133333.33333333334
Prandtl 0.8333333333333334
76.92307692307692
Ra_D -133333.33333333334
Ra_M 133333.33333333334
Prandtl 0.8333333333333334
76.92307692307692
Ra_D -133333.33333333334
Ra_M 133333.33333333334
Prandtl 0.8333333333333334
76.92307692307692
Ra_D -133333.33333333334
Ra_M 133333.33333333334
Prandtl 0.8333333333333334
76.92307692307692
Ra_D -133333.33333333334
Ra_M 133333.33333333334
Prandtl 0.8333333333333334
76.92307692307692
Ra_D -133333.33333333334
Ra_M 133333.33333333334
Prandtl 0.8333333333333334
76.92307692307692
Ra_D -133333.33333333334
Ra_M 133333.33333333334
Prandtl 0.8333333333333334
76.92307692307692
Ra_D -133333.33333333334
Ra_M 133333.33333333334
Prandtl 0.8333333333333334
76.92307692307692
Ra_D -133333.33333333334
Ra_M 133333.33333333334
Prandtl 0.8333333333333334
76.92307692307692
Ra_D -133333.33333333334
Ra_M 133333.33333333334
Prandtl 0.8333333333333334
76.92307692307692
Ra_D -133333.33333333334
Ra_M 133333.33333333334
Prandtl 0.8333333333333334
76.92307692307692
Ra_D -133333.33333333334
Ra_M 133333.33333333334
Prandtl 0.8333333333333334
76.92307692307692
Ra_D -133333.33333333334
Ra_M 133333.33333333334
Prandtl 0.8333333333333334
76.92307692307692
Ra_D -133333.33333333334
Ra_M 133333.33333333334
Prandtl 0.8333333333333334
76.92307692307692
Ra_D -133333.33333333334
Ra_M 133333.33333333334
Prandtl 0.8333333333333334
76.92307692307692
Ra_D -133333.33333333334
Ra_M 133333.33333333334
Prandtl 0.8333333333333334
76.92307692307692
Ra_D -133333.33333333334
Ra_M 133333.33333333334
Prandtl 0.8333333333333334
76.92307692307692
Ra_D -133333.33333333334
Ra_M 133333.33333333334
Prandtl 0.8333333333333334
76.92307692307692
Ra_D -133333.33333333334
Ra_M 133333.33333333334
Prandtl 0.8333333333333334
76.92307692307692
Ra_D -133333.33333333334
Ra_M 133333.33333333334
Prandtl 0.8333333333333334
76.92307692307692
Ra_D -133333.33333333334
Ra_M 133333.33333333334
Prandtl 0.8333333333333334
76.92307692307692
Ra_D -133333.33333333334
Ra_M 133333.33333333334
Prandtl 0.8333333333333334
76.92307692307692
Ra_D -133333.33333333334
Ra_M 133333.33333333334
Prandtl 0.8333333333333334
76.92307692307692
Ra_D -133333.33333333334
Ra_M 133333.33333333334
Prandtl 0.8333333333333334
76.92307692307692
Ra_D -133333.33333333334
Ra_M 133333.33333333334
Prandtl 0.8333333333333334
76.92307692307692
Ra_D -133333.33333333334
Ra_M 133333.33333333334
Prandtl 0.8333333333333334
76.92307692307692
Ra_D -133333.33333333334
Ra_M 133333.33333333334
Prandtl 0.8333333333333334
76.92307692307692
Ra_D -133333.33333333334
Ra_M 133333.33333333334
Prandtl 0.8333333333333334
76.92307692307692
Ra_D -133333.33333333334
Ra_M 133333.33333333334
Prandtl 0.8333333333333334
76.92307692307692
Ra_D -133333.33333333334
Ra_M 133333.33333333334
Prandtl 0.8333333333333334
76.92307692307692
Ra_D -133333.33333333334
Ra_M 133333.33333333334
Prandtl 0.8333333333333334
76.92307692307692
Ra_D -133333.33333333334
Ra_M 133333.33333333334
Prandtl 0.8333333333333334
76.92307692307692
Ra_D -133333.33333333334
Ra_M 133333.33333333334
Prandtl 0.8333333333333334
76.92307692307692
Ra_D -133333.33333333334
Ra_M 133333.33333333334
Prandtl 0.8333333333333334
76.92307692307692
Ra_D -133333.33333333334
Ra_M 133333.33333333334
Prandtl 0.8333333333333334
76.92307692307692
Ra_D -133333.33333333334
Ra_M 133333.33333333334
Prandtl 0.8333333333333334
76.92307692307692
Ra_D -133333.33333333334
Ra_M 133333.33333333334
Prandtl 0.8333333333333334
76.92307692307692
Ra_D -133333.33333333334
Ra_M 133333.33333333334
Prandtl 0.8333333333333334
76.92307692307692
Ra_D -133333.33333333334
Ra_M 133333.33333333334
Prandtl 0.8333333333333334
76.92307692307692
