kappa 0.003394221166510653
nu 0.002375954816557457
248000.0
372000.00000000006
R_0 108.78565864408422
2023-07-21 22:36:55,843 subsystems 0/48 INFO :: Building subproblem matrices 1/2240 (~0%) Elapsed: 0s, Remaining: 14m 38s, Rate: 2.6e+00/s
2023-07-21 22:37:05,611 subsystems 0/48 INFO :: Building subproblem matrices 62/2240 (~3%) Elapsed: 10s, Remaining: 5m 57s, Rate: 6.1e+00/s
2023-07-21 22:37:15,547 subsystems 0/48 INFO :: Building subproblem matrices 124/2240 (~6%) Elapsed: 20s, Remaining: 5m 43s, Rate: 6.2e+00/s
2023-07-21 22:37:25,458 subsystems 0/48 INFO :: Building subproblem matrices 186/2240 (~8%) Elapsed: 30s, Remaining: 5m 31s, Rate: 6.2e+00/s
2023-07-21 22:37:31,334 subsystems 0/48 INFO :: Building subproblem matrices 224/2240 (~10%) Elapsed: 36s, Remaining: 5m 23s, Rate: 6.2e+00/s
2023-07-21 22:37:35,579 subsystems 0/48 INFO :: Building subproblem matrices 249/2240 (~11%) Elapsed: 40s, Remaining: 5m 21s, Rate: 6.2e+00/s
2023-07-21 22:37:45,601 subsystems 0/48 INFO :: Building subproblem matrices 313/2240 (~14%) Elapsed: 50s, Remaining: 5m 09s, Rate: 6.2e+00/s
2023-07-21 22:37:55,583 subsystems 0/48 INFO :: Building subproblem matrices 374/2240 (~17%) Elapsed: 1m 00s, Remaining: 5m 00s, Rate: 6.2e+00/s
2023-07-21 22:38:05,489 subsystems 0/48 INFO :: Building subproblem matrices 436/2240 (~19%) Elapsed: 1m 10s, Remaining: 4m 50s, Rate: 6.2e+00/s
2023-07-21 22:38:07,827 subsystems 0/48 INFO :: Building subproblem matrices 448/2240 (~20%) Elapsed: 1m 12s, Remaining: 4m 50s, Rate: 6.2e+00/s
2023-07-21 22:38:15,600 subsystems 0/48 INFO :: Building subproblem matrices 497/2240 (~22%) Elapsed: 1m 20s, Remaining: 4m 41s, Rate: 6.2e+00/s
2023-07-21 22:38:25,505 subsystems 0/48 INFO :: Building subproblem matrices 559/2240 (~25%) Elapsed: 1m 30s, Remaining: 4m 31s, Rate: 6.2e+00/s
2023-07-21 22:38:35,607 subsystems 0/48 INFO :: Building subproblem matrices 620/2240 (~28%) Elapsed: 1m 40s, Remaining: 4m 22s, Rate: 6.2e+00/s
2023-07-21 22:38:43,891 subsystems 0/48 INFO :: Building subproblem matrices 672/2240 (~30%) Elapsed: 1m 48s, Remaining: 4m 13s, Rate: 6.2e+00/s
2023-07-21 22:38:45,476 subsystems 0/48 INFO :: Building subproblem matrices 682/2240 (~30%) Elapsed: 1m 50s, Remaining: 4m 11s, Rate: 6.2e+00/s
2023-07-21 22:38:55,456 subsystems 0/48 INFO :: Building subproblem matrices 745/2240 (~33%) Elapsed: 2m 00s, Remaining: 4m 01s, Rate: 6.2e+00/s
2023-07-21 22:39:05,588 subsystems 0/48 INFO :: Building subproblem matrices 806/2240 (~36%) Elapsed: 2m 10s, Remaining: 3m 52s, Rate: 6.2e+00/s
2023-07-21 22:39:15,485 subsystems 0/48 INFO :: Building subproblem matrices 868/2240 (~39%) Elapsed: 2m 20s, Remaining: 3m 41s, Rate: 6.2e+00/s
2023-07-21 22:39:20,080 subsystems 0/48 INFO :: Building subproblem matrices 896/2240 (~40%) Elapsed: 2m 25s, Remaining: 3m 37s, Rate: 6.2e+00/s
2023-07-21 22:39:25,554 subsystems 0/48 INFO :: Building subproblem matrices 931/2240 (~42%) Elapsed: 2m 30s, Remaining: 3m 31s, Rate: 6.2e+00/s
2023-07-21 22:39:35,516 subsystems 0/48 INFO :: Building subproblem matrices 990/2240 (~44%) Elapsed: 2m 40s, Remaining: 3m 22s, Rate: 6.2e+00/s
2023-07-21 22:39:45,593 subsystems 0/48 INFO :: Building subproblem matrices 1053/2240 (~47%) Elapsed: 2m 50s, Remaining: 3m 12s, Rate: 6.2e+00/s
2023-07-21 22:39:55,469 subsystems 0/48 INFO :: Building subproblem matrices 1115/2240 (~50%) Elapsed: 3m 00s, Remaining: 3m 02s, Rate: 6.2e+00/s
2023-07-21 22:39:56,253 subsystems 0/48 INFO :: Building subproblem matrices 1120/2240 (~50%) Elapsed: 3m 01s, Remaining: 3m 01s, Rate: 6.2e+00/s
2023-07-21 22:40:05,476 subsystems 0/48 INFO :: Building subproblem matrices 1178/2240 (~53%) Elapsed: 3m 10s, Remaining: 2m 51s, Rate: 6.2e+00/s
2023-07-21 22:40:15,465 subsystems 0/48 INFO :: Building subproblem matrices 1237/2240 (~55%) Elapsed: 3m 20s, Remaining: 2m 42s, Rate: 6.2e+00/s
2023-07-21 22:40:25,598 subsystems 0/48 INFO :: Building subproblem matrices 1301/2240 (~58%) Elapsed: 3m 30s, Remaining: 2m 32s, Rate: 6.2e+00/s
2023-07-21 22:40:32,519 subsystems 0/48 INFO :: Building subproblem matrices 1344/2240 (~60%) Elapsed: 3m 37s, Remaining: 2m 25s, Rate: 6.2e+00/s
2023-07-21 22:40:35,473 subsystems 0/48 INFO :: Building subproblem matrices 1363/2240 (~61%) Elapsed: 3m 40s, Remaining: 2m 22s, Rate: 6.2e+00/s
2023-07-21 22:40:45,534 subsystems 0/48 INFO :: Building subproblem matrices 1426/2240 (~64%) Elapsed: 3m 50s, Remaining: 2m 11s, Rate: 6.2e+00/s
2023-07-21 22:40:55,599 subsystems 0/48 INFO :: Building subproblem matrices 1489/2240 (~66%) Elapsed: 4m 00s, Remaining: 2m 01s, Rate: 6.2e+00/s
2023-07-21 22:41:05,487 subsystems 0/48 INFO :: Building subproblem matrices 1551/2240 (~69%) Elapsed: 4m 10s, Remaining: 1m 51s, Rate: 6.2e+00/s
2023-07-21 22:41:08,923 subsystems 0/48 INFO :: Building subproblem matrices 1568/2240 (~70%) Elapsed: 4m 13s, Remaining: 1m 49s, Rate: 6.2e+00/s
2023-07-21 22:41:15,524 subsystems 0/48 INFO :: Building subproblem matrices 1609/2240 (~72%) Elapsed: 4m 20s, Remaining: 1m 42s, Rate: 6.2e+00/s
2023-07-21 22:41:25,525 subsystems 0/48 INFO :: Building subproblem matrices 1672/2240 (~75%) Elapsed: 4m 30s, Remaining: 1m 32s, Rate: 6.2e+00/s
2023-07-21 22:41:35,484 subsystems 0/48 INFO :: Building subproblem matrices 1735/2240 (~77%) Elapsed: 4m 40s, Remaining: 1m 22s, Rate: 6.2e+00/s
2023-07-21 22:41:44,563 subsystems 0/48 INFO :: Building subproblem matrices 1792/2240 (~80%) Elapsed: 4m 49s, Remaining: 1m 12s, Rate: 6.2e+00/s
2023-07-21 22:41:45,493 subsystems 0/48 INFO :: Building subproblem matrices 1798/2240 (~80%) Elapsed: 4m 50s, Remaining: 1m 11s, Rate: 6.2e+00/s
2023-07-21 22:41:55,505 subsystems 0/48 INFO :: Building subproblem matrices 1861/2240 (~83%) Elapsed: 5m 00s, Remaining: 1m 01s, Rate: 6.2e+00/s
2023-07-21 22:42:05,557 subsystems 0/48 INFO :: Building subproblem matrices 1924/2240 (~86%) Elapsed: 5m 10s, Remaining: 51s, Rate: 6.2e+00/s
2023-07-21 22:42:15,524 subsystems 0/48 INFO :: Building subproblem matrices 1978/2240 (~88%) Elapsed: 5m 20s, Remaining: 42s, Rate: 6.2e+00/s
2023-07-21 22:42:21,464 subsystems 0/48 INFO :: Building subproblem matrices 2016/2240 (~90%) Elapsed: 5m 26s, Remaining: 36s, Rate: 6.2e+00/s
2023-07-21 22:42:25,512 subsystems 0/48 INFO :: Building subproblem matrices 2041/2240 (~91%) Elapsed: 5m 30s, Remaining: 32s, Rate: 6.2e+00/s
2023-07-21 22:42:35,505 subsystems 0/48 INFO :: Building subproblem matrices 2104/2240 (~94%) Elapsed: 5m 40s, Remaining: 22s, Rate: 6.2e+00/s
2023-07-21 22:42:45,521 subsystems 0/48 INFO :: Building subproblem matrices 2167/2240 (~97%) Elapsed: 5m 50s, Remaining: 12s, Rate: 6.2e+00/s
2023-07-21 22:42:55,478 subsystems 0/48 INFO :: Building subproblem matrices 2230/2240 (~100%) Elapsed: 6m 00s, Remaining: 2s, Rate: 6.2e+00/s
2023-07-21 22:42:57,047 subsystems 0/48 INFO :: Building subproblem matrices 2240/2240 (~100%) Elapsed: 6m 02s, Remaining: 0s, Rate: 6.2e+00/s
2023-07-21 22:43:10,059 solvers 0/48 INFO :: Loading solver state from: snapshots/snapshots_s304.h5
2023-07-21 22:43:10,082 solvers 0/48 INFO :: Loading iteration: 1766
2023-07-21 22:43:10,082 solvers 0/48 INFO :: Loading write: 304
2023-07-21 22:43:10,082 solvers 0/48 INFO :: Loading sim time: 75.59882411854123
2023-07-21 22:43:10,082 solvers 0/48 INFO :: Loading timestep: 0.125
2023-07-21 22:43:17,834 __main__ 0/48 INFO :: Starting main loop
kappa 0.003394221166510653
nu 0.002375954816557457
248000.0
372000.00000000006
R_0 108.78565864408422
2023-07-21 22:43:33,144 __main__ 21/48 ERROR :: Exception raised, triggering end of main loop.
kappa 0.003394221166510653
nu 0.002375954816557457
248000.0
372000.00000000006
R_0 108.78565864408422
2023-07-21 22:43:33,145 __main__ 22/48 ERROR :: Exception raised, triggering end of main loop.
kappa 0.003394221166510653
nu 0.002375954816557457
248000.0
372000.00000000006
R_0 108.78565864408422
2023-07-21 22:43:33,144 __main__ 8/48 ERROR :: Exception raised, triggering end of main loop.
kappa 0.003394221166510653
nu 0.002375954816557457
248000.0
372000.00000000006
R_0 108.78565864408422
2023-07-21 22:43:33,145 __main__ 11/48 ERROR :: Exception raised, triggering end of main loop.
kappa 0.003394221166510653
nu 0.002375954816557457
248000.0
372000.00000000006
R_0 108.78565864408422
2023-07-21 22:43:33,145 __main__ 9/48 ERROR :: Exception raised, triggering end of main loop.
kappa 0.003394221166510653
nu 0.002375954816557457
248000.0
372000.00000000006
R_0 108.78565864408422
2023-07-21 22:43:33,145 __main__ 10/48 ERROR :: Exception raised, triggering end of main loop.
2023-07-21 22:43:33,147 __main__ 0/48 ERROR :: Exception raised, triggering end of main loop.
kappa 0.003394221166510653
nu 0.002375954816557457
248000.0
372000.00000000006
R_0 108.78565864408422
2023-07-21 22:43:33,147 __main__ 2/48 ERROR :: Exception raised, triggering end of main loop.
kappa 0.003394221166510653
nu 0.002375954816557457
248000.0
372000.00000000006
R_0 108.78565864408422
2023-07-21 22:43:33,147 __main__ 3/48 ERROR :: Exception raised, triggering end of main loop.
kappa 0.003394221166510653
nu 0.002375954816557457
248000.0
372000.00000000006
R_0 108.78565864408422
2023-07-21 22:43:33,147 __main__ 1/48 ERROR :: Exception raised, triggering end of main loop.
srun: Job step aborted: Waiting up to 32 seconds for job step to finish.
slurmstepd: error: *** JOB 35622293 ON ga027 CANCELLED AT 2023-07-21T23:47:11 ***
slurmstepd: error: *** STEP 35622293.0 ON ga027 CANCELLED AT 2023-07-21T23:47:11 ***
