124000.0
248000.00000000003
2023-07-10 17:09:27,235 subsystems 0/64 INFO :: Building subproblem matrices 1/1024 (~0%) Elapsed: 0s, Remaining: 4m 48s, Rate: 3.5e+00/s
2023-07-10 17:09:36,973 subsystems 0/64 INFO :: Building subproblem matrices 77/1024 (~8%) Elapsed: 10s, Remaining: 2m 03s, Rate: 7.7e+00/s
2023-07-10 17:09:40,345 subsystems 0/64 INFO :: Building subproblem matrices 103/1024 (~10%) Elapsed: 13s, Remaining: 2m 00s, Rate: 7.7e+00/s
2023-07-10 17:09:47,078 subsystems 0/64 INFO :: Building subproblem matrices 156/1024 (~15%) Elapsed: 20s, Remaining: 1m 52s, Rate: 7.8e+00/s
2023-07-10 17:09:53,509 subsystems 0/64 INFO :: Building subproblem matrices 206/1024 (~20%) Elapsed: 27s, Remaining: 1m 45s, Rate: 7.8e+00/s
2023-07-10 17:09:57,056 subsystems 0/64 INFO :: Building subproblem matrices 234/1024 (~23%) Elapsed: 30s, Remaining: 1m 42s, Rate: 7.8e+00/s
2023-07-10 17:10:06,771 subsystems 0/64 INFO :: Building subproblem matrices 309/1024 (~30%) Elapsed: 40s, Remaining: 1m 32s, Rate: 7.8e+00/s
2023-07-10 17:10:07,029 subsystems 0/64 INFO :: Building subproblem matrices 311/1024 (~30%) Elapsed: 40s, Remaining: 1m 32s, Rate: 7.8e+00/s
2023-07-10 17:10:17,070 subsystems 0/64 INFO :: Building subproblem matrices 388/1024 (~38%) Elapsed: 50s, Remaining: 1m 22s, Rate: 7.7e+00/s
2023-07-10 17:10:20,163 subsystems 0/64 INFO :: Building subproblem matrices 412/1024 (~40%) Elapsed: 53s, Remaining: 1m 19s, Rate: 7.7e+00/s
2023-07-10 17:10:27,028 subsystems 0/64 INFO :: Building subproblem matrices 464/1024 (~45%) Elapsed: 1m 00s, Remaining: 1m 13s, Rate: 7.7e+00/s
2023-07-10 17:10:33,608 subsystems 0/64 INFO :: Building subproblem matrices 515/1024 (~50%) Elapsed: 1m 07s, Remaining: 1m 06s, Rate: 7.7e+00/s
2023-07-10 17:10:36,954 subsystems 0/64 INFO :: Building subproblem matrices 541/1024 (~53%) Elapsed: 1m 10s, Remaining: 1m 02s, Rate: 7.7e+00/s
2023-07-10 17:10:46,965 subsystems 0/64 INFO :: Building subproblem matrices 617/1024 (~60%) Elapsed: 1m 20s, Remaining: 53s, Rate: 7.7e+00/s
2023-07-10 17:10:47,092 subsystems 0/64 INFO :: Building subproblem matrices 618/1024 (~60%) Elapsed: 1m 20s, Remaining: 53s, Rate: 7.7e+00/s
2023-07-10 17:10:57,045 subsystems 0/64 INFO :: Building subproblem matrices 695/1024 (~68%) Elapsed: 1m 30s, Remaining: 43s, Rate: 7.7e+00/s
2023-07-10 17:11:00,398 subsystems 0/64 INFO :: Building subproblem matrices 721/1024 (~70%) Elapsed: 1m 33s, Remaining: 39s, Rate: 7.7e+00/s
2023-07-10 17:11:07,206 subsystems 0/64 INFO :: Building subproblem matrices 772/1024 (~75%) Elapsed: 1m 40s, Remaining: 33s, Rate: 7.7e+00/s
2023-07-10 17:11:13,904 subsystems 0/64 INFO :: Building subproblem matrices 824/1024 (~80%) Elapsed: 1m 47s, Remaining: 26s, Rate: 7.7e+00/s
2023-07-10 17:11:16,992 subsystems 0/64 INFO :: Building subproblem matrices 848/1024 (~83%) Elapsed: 1m 50s, Remaining: 23s, Rate: 7.7e+00/s
2023-07-10 17:11:27,055 subsystems 0/64 INFO :: Building subproblem matrices 926/1024 (~90%) Elapsed: 2m 00s, Remaining: 13s, Rate: 7.7e+00/s
2023-07-10 17:11:27,184 subsystems 0/64 INFO :: Building subproblem matrices 927/1024 (~91%) Elapsed: 2m 00s, Remaining: 13s, Rate: 7.7e+00/s
2023-07-10 17:11:37,024 subsystems 0/64 INFO :: Building subproblem matrices 1001/1024 (~98%) Elapsed: 2m 10s, Remaining: 3s, Rate: 7.7e+00/s
2023-07-10 17:11:39,986 subsystems 0/64 INFO :: Building subproblem matrices 1024/1024 (~100%) Elapsed: 2m 13s, Remaining: 0s, Rate: 7.7e+00/s
2023-07-10 17:11:53,307 __main__ 0/64 INFO :: Starting main loop
2023-07-10 17:12:07,629 __main__ 0/64 INFO :: Iteration=1, Time=1.250000e-01, dt=1.250000e-01, max(Re)=0.000000
2023-07-10 17:12:28,258 __main__ 0/64 INFO :: Iteration=11, Time=1.375000e+00, dt=1.250000e-01, max(Re)=0.019060
2023-07-10 17:12:47,997 __main__ 0/64 INFO :: Iteration=21, Time=2.625000e+00, dt=1.250000e-01, max(Re)=0.044287
2023-07-10 17:13:08,125 __main__ 0/64 INFO :: Iteration=31, Time=3.875000e+00, dt=1.250000e-01, max(Re)=0.120796
2023-07-10 17:13:27,935 __main__ 0/64 INFO :: Iteration=41, Time=5.125000e+00, dt=1.250000e-01, max(Re)=0.359699
2023-07-10 17:13:47,871 __main__ 0/64 INFO :: Iteration=51, Time=6.375000e+00, dt=1.250000e-01, max(Re)=1.101644
2023-07-10 17:14:07,479 __main__ 0/64 INFO :: Iteration=61, Time=7.625000e+00, dt=1.250000e-01, max(Re)=3.466633
2023-07-10 17:14:27,378 __main__ 0/64 INFO :: Iteration=71, Time=8.875000e+00, dt=1.250000e-01, max(Re)=11.205128
2023-07-10 17:14:47,256 __main__ 0/64 INFO :: Iteration=81, Time=1.012500e+01, dt=1.250000e-01, max(Re)=36.586099
2023-07-10 17:15:07,428 __main__ 0/64 INFO :: Iteration=91, Time=1.137500e+01, dt=1.250000e-01, max(Re)=118.232938
2023-07-10 17:15:31,470 __main__ 0/64 INFO :: Iteration=101, Time=1.213306e+01, dt=7.580576e-02, max(Re)=227.071404
2023-07-10 17:15:54,806 __main__ 0/64 INFO :: Iteration=111, Time=1.251209e+01, dt=3.790288e-02, max(Re)=277.385210
2023-07-10 17:16:18,034 __main__ 0/64 INFO :: Iteration=121, Time=1.270160e+01, dt=1.895144e-02, max(Re)=294.305312
2023-07-10 17:16:40,857 __main__ 0/64 INFO :: Iteration=131, Time=1.285478e+01, dt=1.531802e-02, max(Re)=302.883237
2023-07-10 17:17:03,881 __main__ 0/64 INFO :: Iteration=141, Time=1.299856e+01, dt=1.437807e-02, max(Re)=315.646318
2023-07-10 17:17:22,456 __main__ 0/64 INFO :: Iteration=151, Time=1.314234e+01, dt=1.437807e-02, max(Re)=322.901562
2023-07-10 17:17:41,384 __main__ 0/64 INFO :: Iteration=161, Time=1.328612e+01, dt=1.437807e-02, max(Re)=325.645335
2023-07-10 17:18:04,094 __main__ 0/64 INFO :: Iteration=171, Time=1.342108e+01, dt=1.349539e-02, max(Re)=334.062909
2023-07-10 17:18:21,607 __main__ 0/64 INFO :: Iteration=181, Time=1.355603e+01, dt=1.349539e-02, max(Re)=338.323876
2023-07-10 17:18:38,987 __main__ 0/64 INFO :: Iteration=191, Time=1.369098e+01, dt=1.349539e-02, max(Re)=338.017814
2023-07-10 17:18:56,550 __main__ 0/64 INFO :: Iteration=201, Time=1.382594e+01, dt=1.349539e-02, max(Re)=345.852053
2023-07-10 17:19:13,880 __main__ 0/64 INFO :: Iteration=211, Time=1.396089e+01, dt=1.349539e-02, max(Re)=351.231695
2023-07-10 17:19:31,503 __main__ 0/64 INFO :: Iteration=221, Time=1.409585e+01, dt=1.349539e-02, max(Re)=351.790325
2023-07-10 17:19:52,843 __main__ 0/64 INFO :: Iteration=231, Time=1.422368e+01, dt=1.278345e-02, max(Re)=358.161920
2023-07-10 17:20:10,117 __main__ 0/64 INFO :: Iteration=241, Time=1.435152e+01, dt=1.278345e-02, max(Re)=360.038078
2023-07-10 17:20:27,264 __main__ 0/64 INFO :: Iteration=251, Time=1.447935e+01, dt=1.278345e-02, max(Re)=357.254192
2023-07-10 17:20:44,442 __main__ 0/64 INFO :: Iteration=261, Time=1.460718e+01, dt=1.278345e-02, max(Re)=351.061412
2023-07-10 17:21:01,504 __main__ 0/64 INFO :: Iteration=271, Time=1.473502e+01, dt=1.278345e-02, max(Re)=342.273619
2023-07-10 17:21:18,880 __main__ 0/64 INFO :: Iteration=281, Time=1.486285e+01, dt=1.278345e-02, max(Re)=331.642037
2023-07-10 17:21:40,069 __main__ 0/64 INFO :: Iteration=291, Time=1.499710e+01, dt=1.342418e-02, max(Re)=330.104038
2023-07-10 17:21:57,357 __main__ 0/64 INFO :: Iteration=301, Time=1.513134e+01, dt=1.342418e-02, max(Re)=330.334811
2023-07-10 17:22:14,501 __main__ 0/64 INFO :: Iteration=311, Time=1.526558e+01, dt=1.342418e-02, max(Re)=330.961204
2023-07-10 17:22:31,481 __main__ 0/64 INFO :: Iteration=321, Time=1.539982e+01, dt=1.342418e-02, max(Re)=331.275496
2023-07-10 17:22:48,803 __main__ 0/64 INFO :: Iteration=331, Time=1.553406e+01, dt=1.342418e-02, max(Re)=331.178570
2023-07-10 17:23:05,830 __main__ 0/64 INFO :: Iteration=341, Time=1.566830e+01, dt=1.342418e-02, max(Re)=330.656681
2023-07-10 17:23:23,034 __main__ 0/64 INFO :: Iteration=351, Time=1.580255e+01, dt=1.342418e-02, max(Re)=329.910154
2023-07-10 17:23:40,020 __main__ 0/64 INFO :: Iteration=361, Time=1.593679e+01, dt=1.342418e-02, max(Re)=329.907234
2023-07-10 17:23:57,110 __main__ 0/64 INFO :: Iteration=371, Time=1.607103e+01, dt=1.342418e-02, max(Re)=329.861456
2023-07-10 17:24:14,098 __main__ 0/64 INFO :: Iteration=381, Time=1.620527e+01, dt=1.342418e-02, max(Re)=329.752348
2023-07-10 17:24:31,374 __main__ 0/64 INFO :: Iteration=391, Time=1.633951e+01, dt=1.342418e-02, max(Re)=329.558745
2023-07-10 17:24:48,564 __main__ 0/64 INFO :: Iteration=401, Time=1.647376e+01, dt=1.342418e-02, max(Re)=329.262264
2023-07-10 17:25:05,800 __main__ 0/64 INFO :: Iteration=411, Time=1.660800e+01, dt=1.342418e-02, max(Re)=328.836147
2023-07-10 17:25:22,729 __main__ 0/64 INFO :: Iteration=421, Time=1.674224e+01, dt=1.342418e-02, max(Re)=328.244761
2023-07-10 17:25:39,745 __main__ 0/64 INFO :: Iteration=431, Time=1.687648e+01, dt=1.342418e-02, max(Re)=327.889043
2023-07-10 17:25:56,703 __main__ 0/64 INFO :: Iteration=441, Time=1.701072e+01, dt=1.342418e-02, max(Re)=327.555955
2023-07-10 17:26:13,677 __main__ 0/64 INFO :: Iteration=451, Time=1.714496e+01, dt=1.342418e-02, max(Re)=327.052987
2023-07-10 17:26:31,471 __main__ 0/64 INFO :: Iteration=461, Time=1.727921e+01, dt=1.342418e-02, max(Re)=326.328501
2023-07-10 17:26:48,532 __main__ 0/64 INFO :: Iteration=471, Time=1.741345e+01, dt=1.342418e-02, max(Re)=325.332069
2023-07-10 17:27:05,739 __main__ 0/64 INFO :: Iteration=481, Time=1.754769e+01, dt=1.342418e-02, max(Re)=324.014198
2023-07-10 17:27:22,711 __main__ 0/64 INFO :: Iteration=491, Time=1.768193e+01, dt=1.342418e-02, max(Re)=322.327773
2023-07-10 17:27:40,015 __main__ 0/64 INFO :: Iteration=501, Time=1.781617e+01, dt=1.342418e-02, max(Re)=320.229868
2023-07-10 17:27:57,477 __main__ 0/64 INFO :: Iteration=511, Time=1.795042e+01, dt=1.342418e-02, max(Re)=317.685121
2023-07-10 17:28:14,750 __main__ 0/64 INFO :: Iteration=521, Time=1.808466e+01, dt=1.342418e-02, max(Re)=314.660637
2023-07-10 17:28:31,894 __main__ 0/64 INFO :: Iteration=531, Time=1.821890e+01, dt=1.342418e-02, max(Re)=312.439916
2023-07-10 17:28:53,752 __main__ 0/64 INFO :: Iteration=541, Time=1.836021e+01, dt=1.413156e-02, max(Re)=309.733107
2023-07-10 17:29:11,187 __main__ 0/64 INFO :: Iteration=551, Time=1.850153e+01, dt=1.413156e-02, max(Re)=306.542413
2023-07-10 17:29:28,749 __main__ 0/64 INFO :: Iteration=561, Time=1.864285e+01, dt=1.413156e-02, max(Re)=302.855874
2023-07-10 17:29:46,480 __main__ 0/64 INFO :: Iteration=571, Time=1.878416e+01, dt=1.413156e-02, max(Re)=298.648819
2023-07-10 17:30:08,408 __main__ 0/64 INFO :: Iteration=581, Time=1.893418e+01, dt=1.500229e-02, max(Re)=293.610659
2023-07-10 17:30:26,332 __main__ 0/64 INFO :: Iteration=591, Time=1.908421e+01, dt=1.500229e-02, max(Re)=287.876716
2023-07-10 17:30:44,281 __main__ 0/64 INFO :: Iteration=601, Time=1.923423e+01, dt=1.500229e-02, max(Re)=281.871245
2023-07-10 17:31:06,373 __main__ 0/64 INFO :: Iteration=611, Time=1.939231e+01, dt=1.580788e-02, max(Re)=276.973291
2023-07-10 17:31:24,440 __main__ 0/64 INFO :: Iteration=621, Time=1.955039e+01, dt=1.580788e-02, max(Re)=273.038681
2023-07-10 17:31:42,257 __main__ 0/64 INFO :: Iteration=631, Time=1.970847e+01, dt=1.580788e-02, max(Re)=268.403845
2023-07-10 17:32:04,696 __main__ 0/64 INFO :: Iteration=641, Time=1.987604e+01, dt=1.675750e-02, max(Re)=262.657345
2023-07-10 17:32:22,621 __main__ 0/64 INFO :: Iteration=651, Time=2.004362e+01, dt=1.675750e-02, max(Re)=255.899335
2023-07-10 17:32:44,670 __main__ 0/64 INFO :: Iteration=661, Time=2.022056e+01, dt=1.769468e-02, max(Re)=247.662569
2023-07-10 17:33:02,777 __main__ 0/64 INFO :: Iteration=671, Time=2.039751e+01, dt=1.769468e-02, max(Re)=238.137953
2023-07-10 17:33:25,067 __main__ 0/64 INFO :: Iteration=681, Time=2.058509e+01, dt=1.875825e-02, max(Re)=226.705547
2023-07-10 17:33:43,052 __main__ 0/64 INFO :: Iteration=691, Time=2.077268e+01, dt=1.875825e-02, max(Re)=218.139919
2023-07-10 17:34:05,356 __main__ 0/64 INFO :: Iteration=701, Time=2.096970e+01, dt=1.970203e-02, max(Re)=212.542365
2023-07-10 17:34:23,407 __main__ 0/64 INFO :: Iteration=711, Time=2.116672e+01, dt=1.970203e-02, max(Re)=207.195710
2023-07-10 17:34:45,851 __main__ 0/64 INFO :: Iteration=721, Time=2.137634e+01, dt=2.096204e-02, max(Re)=202.494448
2023-07-10 17:35:03,742 __main__ 0/64 INFO :: Iteration=731, Time=2.158596e+01, dt=2.096204e-02, max(Re)=197.544609
2023-07-10 17:35:25,932 __main__ 0/64 INFO :: Iteration=741, Time=2.181180e+01, dt=2.258421e-02, max(Re)=193.119667
2023-07-10 17:35:44,197 __main__ 0/64 INFO :: Iteration=751, Time=2.203764e+01, dt=2.258421e-02, max(Re)=187.890752
2023-07-10 17:36:06,347 __main__ 0/64 INFO :: Iteration=761, Time=2.228367e+01, dt=2.460314e-02, max(Re)=182.949541
2023-07-10 17:36:24,298 __main__ 0/64 INFO :: Iteration=771, Time=2.252970e+01, dt=2.460314e-02, max(Re)=177.250481
2023-07-10 17:36:46,939 __main__ 0/64 INFO :: Iteration=781, Time=2.280031e+01, dt=2.706019e-02, max(Re)=169.993524
2023-07-10 17:37:09,288 __main__ 0/64 INFO :: Iteration=791, Time=2.308553e+01, dt=2.852230e-02, max(Re)=160.415636
2023-07-10 17:37:31,620 __main__ 0/64 INFO :: Iteration=801, Time=2.338933e+01, dt=3.037995e-02, max(Re)=148.433342
2023-07-10 17:37:54,483 __main__ 0/64 INFO :: Iteration=811, Time=2.371493e+01, dt=3.255977e-02, max(Re)=156.146344
2023-07-10 17:38:16,897 __main__ 0/64 INFO :: Iteration=821, Time=2.406699e+01, dt=3.520640e-02, max(Re)=197.980243
2023-07-10 17:38:39,203 __main__ 0/64 INFO :: Iteration=831, Time=2.445254e+01, dt=3.855520e-02, max(Re)=254.589363
2023-07-10 17:39:01,851 __main__ 0/64 INFO :: Iteration=841, Time=2.479173e+01, dt=3.391858e-02, max(Re)=316.963325
2023-07-10 17:39:24,335 __main__ 0/64 INFO :: Iteration=851, Time=2.503672e+01, dt=2.449953e-02, max(Re)=361.548370
2023-07-10 17:39:46,268 __main__ 0/64 INFO :: Iteration=861, Time=2.520700e+01, dt=1.702751e-02, max(Re)=379.760306
2023-07-10 17:40:08,455 __main__ 0/64 INFO :: Iteration=871, Time=2.532983e+01, dt=1.228291e-02, max(Re)=385.538871
2023-07-10 17:40:30,448 __main__ 0/64 INFO :: Iteration=881, Time=2.543862e+01, dt=1.087951e-02, max(Re)=410.415613
2023-07-10 17:40:48,340 __main__ 0/64 INFO :: Iteration=891, Time=2.554742e+01, dt=1.087951e-02, max(Re)=419.021008
2023-07-10 17:41:10,652 __main__ 0/64 INFO :: Iteration=901, Time=2.565053e+01, dt=1.031138e-02, max(Re)=414.305549
2023-07-10 17:41:28,534 __main__ 0/64 INFO :: Iteration=911, Time=2.575364e+01, dt=1.031138e-02, max(Re)=397.518891
2023-07-10 17:41:50,805 __main__ 0/64 INFO :: Iteration=921, Time=2.586474e+01, dt=1.110996e-02, max(Re)=372.086833
2023-07-10 17:42:12,846 __main__ 0/64 INFO :: Iteration=931, Time=2.598419e+01, dt=1.194456e-02, max(Re)=340.766281
2023-07-10 17:42:34,984 __main__ 0/64 INFO :: Iteration=941, Time=2.611518e+01, dt=1.309874e-02, max(Re)=324.915795
2023-07-10 17:42:56,895 __main__ 0/64 INFO :: Iteration=951, Time=2.626126e+01, dt=1.460835e-02, max(Re)=351.175777
2023-07-10 17:43:19,201 __main__ 0/64 INFO :: Iteration=961, Time=2.642659e+01, dt=1.653341e-02, max(Re)=371.212490
2023-07-10 17:43:41,226 __main__ 0/64 INFO :: Iteration=971, Time=2.656799e+01, dt=1.413916e-02, max(Re)=371.933112
2023-07-10 17:44:03,143 __main__ 0/64 INFO :: Iteration=981, Time=2.668850e+01, dt=1.205109e-02, max(Re)=373.035825
2023-07-10 17:44:25,188 __main__ 0/64 INFO :: Iteration=991, Time=2.680223e+01, dt=1.137327e-02, max(Re)=383.470167
2023-07-10 17:44:43,188 __main__ 0/64 INFO :: Iteration=1001, Time=2.691596e+01, dt=1.137327e-02, max(Re)=381.575506
2023-07-10 17:45:00,996 __main__ 0/64 INFO :: Iteration=1011, Time=2.702970e+01, dt=1.137327e-02, max(Re)=368.987091
2023-07-10 17:45:22,989 __main__ 0/64 INFO :: Iteration=1021, Time=2.714929e+01, dt=1.195978e-02, max(Re)=347.325854
2023-07-10 17:45:45,257 __main__ 0/64 INFO :: Iteration=1031, Time=2.727704e+01, dt=1.277515e-02, max(Re)=320.377528
2023-07-10 17:46:07,184 __main__ 0/64 INFO :: Iteration=1041, Time=2.741629e+01, dt=1.392444e-02, max(Re)=289.659969
2023-07-10 17:46:29,380 __main__ 0/64 INFO :: Iteration=1051, Time=2.757080e+01, dt=1.545144e-02, max(Re)=257.904781
2023-07-10 17:46:51,441 __main__ 0/64 INFO :: Iteration=1061, Time=2.774481e+01, dt=1.740103e-02, max(Re)=253.921927
2023-07-10 17:47:13,500 __main__ 0/64 INFO :: Iteration=1071, Time=2.794363e+01, dt=1.988117e-02, max(Re)=281.758517
2023-07-10 17:47:35,798 __main__ 0/64 INFO :: Iteration=1081, Time=2.815838e+01, dt=2.147586e-02, max(Re)=315.420926
2023-07-10 17:47:53,885 __main__ 0/64 INFO :: Iteration=1091, Time=2.837314e+01, dt=2.147586e-02, max(Re)=343.416600
2023-07-10 17:48:16,090 __main__ 0/64 INFO :: Iteration=1101, Time=2.855296e+01, dt=1.798133e-02, max(Re)=350.614692
2023-07-10 17:48:37,877 __main__ 0/64 INFO :: Iteration=1111, Time=2.868955e+01, dt=1.365911e-02, max(Re)=343.524261
2023-07-10 17:49:00,007 __main__ 0/64 INFO :: Iteration=1121, Time=2.881480e+01, dt=1.252498e-02, max(Re)=341.723763
2023-07-10 17:49:17,708 __main__ 0/64 INFO :: Iteration=1131, Time=2.894005e+01, dt=1.252498e-02, max(Re)=336.868001
2023-07-10 17:49:35,614 __main__ 0/64 INFO :: Iteration=1141, Time=2.906530e+01, dt=1.252498e-02, max(Re)=321.476123
2023-07-10 17:49:57,628 __main__ 0/64 INFO :: Iteration=1151, Time=2.920139e+01, dt=1.360980e-02, max(Re)=298.246606
2023-07-10 17:50:19,552 __main__ 0/64 INFO :: Iteration=1161, Time=2.934901e+01, dt=1.476189e-02, max(Re)=271.138266
2023-07-10 17:50:41,514 __main__ 0/64 INFO :: Iteration=1171, Time=2.951207e+01, dt=1.630616e-02, max(Re)=254.400383
2023-07-10 17:51:03,686 __main__ 0/64 INFO :: Iteration=1181, Time=2.969557e+01, dt=1.834961e-02, max(Re)=246.865867
2023-07-10 17:51:25,833 __main__ 0/64 INFO :: Iteration=1191, Time=2.989131e+01, dt=1.957402e-02, max(Re)=242.346803
2023-07-10 17:51:44,086 __main__ 0/64 INFO :: Iteration=1201, Time=3.008705e+01, dt=1.957402e-02, max(Re)=241.086853
2023-07-10 17:52:06,228 __main__ 0/64 INFO :: Iteration=1211, Time=3.029312e+01, dt=2.060643e-02, max(Re)=240.211321
2023-07-10 17:52:24,015 __main__ 0/64 INFO :: Iteration=1221, Time=3.049918e+01, dt=2.060643e-02, max(Re)=239.022946
2023-07-10 17:52:42,056 __main__ 0/64 INFO :: Iteration=1231, Time=3.070524e+01, dt=2.060643e-02, max(Re)=237.247861
2023-07-10 17:52:59,980 __main__ 0/64 INFO :: Iteration=1241, Time=3.091131e+01, dt=2.060643e-02, max(Re)=234.820763
2023-07-10 17:53:17,845 __main__ 0/64 INFO :: Iteration=1251, Time=3.111737e+01, dt=2.060643e-02, max(Re)=231.796408
2023-07-10 17:53:35,770 __main__ 0/64 INFO :: Iteration=1261, Time=3.132344e+01, dt=2.060643e-02, max(Re)=228.233891
2023-07-10 17:53:53,775 __main__ 0/64 INFO :: Iteration=1271, Time=3.152950e+01, dt=2.060643e-02, max(Re)=224.190681
2023-07-10 17:54:11,607 __main__ 0/64 INFO :: Iteration=1281, Time=3.173557e+01, dt=2.060643e-02, max(Re)=219.731312
2023-07-10 17:54:33,626 __main__ 0/64 INFO :: Iteration=1291, Time=3.195574e+01, dt=2.201710e-02, max(Re)=214.537607
2023-07-10 17:54:51,793 __main__ 0/64 INFO :: Iteration=1301, Time=3.217591e+01, dt=2.201710e-02, max(Re)=208.820289
2023-07-10 17:55:09,953 __main__ 0/64 INFO :: Iteration=1311, Time=3.239608e+01, dt=2.201710e-02, max(Re)=202.607351
2023-07-10 17:55:32,013 __main__ 0/64 INFO :: Iteration=1321, Time=3.263275e+01, dt=2.366715e-02, max(Re)=195.422453
2023-07-10 17:55:50,013 __main__ 0/64 INFO :: Iteration=1331, Time=3.286942e+01, dt=2.366715e-02, max(Re)=187.620110
2023-07-10 17:56:12,301 __main__ 0/64 INFO :: Iteration=1341, Time=3.312005e+01, dt=2.506234e-02, max(Re)=178.823803
2023-07-10 17:56:30,183 __main__ 0/64 INFO :: Iteration=1351, Time=3.337067e+01, dt=2.506234e-02, max(Re)=169.452446
2023-07-10 17:56:52,241 __main__ 0/64 INFO :: Iteration=1361, Time=3.364042e+01, dt=2.697541e-02, max(Re)=159.079995
2023-07-10 17:57:10,428 __main__ 0/64 INFO :: Iteration=1371, Time=3.391018e+01, dt=2.697541e-02, max(Re)=149.882805
2023-07-10 17:57:32,579 __main__ 0/64 INFO :: Iteration=1381, Time=3.420701e+01, dt=2.968320e-02, max(Re)=139.713466
2023-07-10 17:57:54,639 __main__ 0/64 INFO :: Iteration=1391, Time=3.452069e+01, dt=3.136765e-02, max(Re)=129.144787
2023-07-10 17:58:17,253 __main__ 0/64 INFO :: Iteration=1401, Time=3.485450e+01, dt=3.338195e-02, max(Re)=121.316496
2023-07-10 17:58:39,419 __main__ 0/64 INFO :: Iteration=1411, Time=3.521151e+01, dt=3.570069e-02, max(Re)=113.207815
2023-07-10 17:59:01,882 __main__ 0/64 INFO :: Iteration=1421, Time=3.559390e+01, dt=3.823853e-02, max(Re)=105.237090
2023-07-10 17:59:24,053 __main__ 0/64 INFO :: Iteration=1431, Time=3.600552e+01, dt=4.116229e-02, max(Re)=97.490532
2023-07-10 17:59:46,637 __main__ 0/64 INFO :: Iteration=1441, Time=3.644913e+01, dt=4.436095e-02, max(Re)=90.330467
2023-07-10 18:00:08,896 __main__ 0/64 INFO :: Iteration=1451, Time=3.692652e+01, dt=4.773925e-02, max(Re)=83.961209
2023-07-10 18:00:31,271 __main__ 0/64 INFO :: Iteration=1461, Time=3.743845e+01, dt=5.119278e-02, max(Re)=78.851707
2023-07-10 18:00:53,932 __main__ 0/64 INFO :: Iteration=1471, Time=3.798381e+01, dt=5.453625e-02, max(Re)=74.845185
2023-07-10 18:01:16,624 __main__ 0/64 INFO :: Iteration=1481, Time=3.855897e+01, dt=5.751616e-02, max(Re)=72.282834
2023-07-10 18:01:34,801 __main__ 0/64 INFO :: Iteration=1491, Time=3.913414e+01, dt=5.751616e-02, max(Re)=70.304354
2023-07-10 18:01:57,269 __main__ 0/64 INFO :: Iteration=1501, Time=3.974111e+01, dt=6.069789e-02, max(Re)=68.418689
2023-07-10 18:02:15,532 __main__ 0/64 INFO :: Iteration=1511, Time=4.034809e+01, dt=6.069789e-02, max(Re)=67.994029
2023-07-10 18:02:33,777 __main__ 0/64 INFO :: Iteration=1521, Time=4.095507e+01, dt=6.069789e-02, max(Re)=68.057275
2023-07-10 18:02:52,161 __main__ 0/64 INFO :: Iteration=1531, Time=4.156205e+01, dt=6.069789e-02, max(Re)=67.713209
2023-07-10 18:03:10,062 __main__ 0/64 INFO :: Iteration=1541, Time=4.216903e+01, dt=6.069789e-02, max(Re)=66.640803
2023-07-10 18:03:28,247 __main__ 0/64 INFO :: Iteration=1551, Time=4.277601e+01, dt=6.069789e-02, max(Re)=64.814517
2023-07-10 18:03:51,288 __main__ 0/64 INFO :: Iteration=1561, Time=4.342227e+01, dt=6.462651e-02, max(Re)=62.554312
2023-07-10 18:04:09,591 __main__ 0/64 INFO :: Iteration=1571, Time=4.406854e+01, dt=6.462651e-02, max(Re)=60.258761
2023-07-10 18:04:32,186 __main__ 0/64 INFO :: Iteration=1581, Time=4.475264e+01, dt=6.841032e-02, max(Re)=58.561102
2023-07-10 18:04:50,571 __main__ 0/64 INFO :: Iteration=1591, Time=4.543675e+01, dt=6.841032e-02, max(Re)=58.402299
2023-07-10 18:05:09,206 __main__ 0/64 INFO :: Iteration=1601, Time=4.612085e+01, dt=6.841032e-02, max(Re)=58.173745
2023-07-10 18:05:27,379 __main__ 0/64 INFO :: Iteration=1611, Time=4.680495e+01, dt=6.841032e-02, max(Re)=57.574334
2023-07-10 18:05:50,081 __main__ 0/64 INFO :: Iteration=1621, Time=4.752955e+01, dt=7.245943e-02, max(Re)=56.710483
2023-07-10 18:06:08,508 __main__ 0/64 INFO :: Iteration=1631, Time=4.825414e+01, dt=7.245943e-02, max(Re)=55.827405
2023-07-10 18:06:31,561 __main__ 0/64 INFO :: Iteration=1641, Time=4.902433e+01, dt=7.701884e-02, max(Re)=55.060716
2023-07-10 18:06:49,926 __main__ 0/64 INFO :: Iteration=1651, Time=4.979452e+01, dt=7.701884e-02, max(Re)=54.523880
2023-07-10 18:06:55,398 solvers 0/64 INFO :: Simulation stop time reached.
124000.0
248000.00000000003
124000.0
248000.00000000003
124000.0
248000.00000000003
124000.0
248000.00000000003
124000.0
248000.00000000003
124000.0
248000.00000000003
124000.0
248000.00000000003
124000.0
248000.00000000003
124000.0
248000.00000000003
124000.0
248000.00000000003
124000.0
248000.00000000003
124000.0
248000.00000000003
124000.0
248000.00000000003
2023-07-10 18:06:55,428 solvers 0/64 INFO :: Final iteration: 1654
2023-07-10 18:06:55,428 solvers 0/64 INFO :: Final sim time: 50.02557338581718
2023-07-10 18:06:55,428 solvers 0/64 INFO :: Setup time (init - iter 0): 148.3 sec
2023-07-10 18:06:55,428 solvers 0/64 INFO :: Warmup time (iter 0-10): 30.73 sec
2023-07-10 18:06:55,428 solvers 0/64 INFO :: Run time (iter 10-end): 3269 sec
2023-07-10 18:06:55,428 solvers 0/64 INFO :: CPU time (iter 10-end): 58.12 cpu-hr
2023-07-10 18:06:55,428 solvers 0/64 INFO :: Speed: 8.288e+05 mode-stages/cpu-sec
124000.0
248000.00000000003
124000.0
248000.00000000003
124000.0
248000.00000000003
124000.0
248000.00000000003
124000.0
248000.00000000003
124000.0
248000.00000000003
124000.0
248000.00000000003
124000.0
248000.00000000003
124000.0
248000.00000000003
124000.0
248000.00000000003
124000.0
248000.00000000003
124000.0
248000.00000000003
124000.0
248000.00000000003
124000.0
248000.00000000003
124000.0
248000.00000000003
124000.0
248000.00000000003
124000.0
248000.00000000003
124000.0
248000.00000000003
124000.0
248000.00000000003
124000.0
248000.00000000003
124000.0
248000.00000000003
124000.0
248000.00000000003
124000.0
248000.00000000003
124000.0
248000.00000000003
124000.0
248000.00000000003
124000.0
248000.00000000003
124000.0
248000.00000000003
124000.0
248000.00000000003
124000.0
248000.00000000003
124000.0
248000.00000000003
124000.0
248000.00000000003
124000.0
248000.00000000003
124000.0
248000.00000000003
124000.0
248000.00000000003
124000.0
248000.00000000003
124000.0
248000.00000000003
124000.0
248000.00000000003
124000.0
248000.00000000003
124000.0
248000.00000000003
124000.0
248000.00000000003
124000.0
248000.00000000003
124000.0
248000.00000000003
124000.0
248000.00000000003
124000.0
248000.00000000003
124000.0
248000.00000000003
124000.0
248000.00000000003
124000.0
248000.00000000003
124000.0
248000.00000000003
124000.0
248000.00000000003
124000.0
248000.00000000003
