Ra_D -1500000.0000000002
Ra_M 4500000.000000001
Prandtl 0.7142857142857143
100.39920318408906
2023-07-22 08:02:55,416 subsystems 0/48 INFO :: Building subproblem matrices 1/2240 (~0%) Elapsed: 0s, Remaining: 13m 00s, Rate: 2.9e+00/s
2023-07-22 08:03:05,145 subsystems 0/48 INFO :: Building subproblem matrices 62/2240 (~3%) Elapsed: 10s, Remaining: 5m 54s, Rate: 6.2e+00/s
2023-07-22 08:03:15,215 subsystems 0/48 INFO :: Building subproblem matrices 125/2240 (~6%) Elapsed: 20s, Remaining: 5m 41s, Rate: 6.2e+00/s
2023-07-22 08:03:25,113 subsystems 0/48 INFO :: Building subproblem matrices 187/2240 (~8%) Elapsed: 30s, Remaining: 5m 30s, Rate: 6.2e+00/s
2023-07-22 08:03:30,956 subsystems 0/48 INFO :: Building subproblem matrices 224/2240 (~10%) Elapsed: 36s, Remaining: 5m 23s, Rate: 6.2e+00/s
2023-07-22 08:03:35,192 subsystems 0/48 INFO :: Building subproblem matrices 250/2240 (~11%) Elapsed: 40s, Remaining: 5m 19s, Rate: 6.2e+00/s
2023-07-22 08:03:45,127 subsystems 0/48 INFO :: Building subproblem matrices 313/2240 (~14%) Elapsed: 50s, Remaining: 5m 08s, Rate: 6.3e+00/s
2023-07-22 08:03:55,155 subsystems 0/48 INFO :: Building subproblem matrices 373/2240 (~17%) Elapsed: 1m 00s, Remaining: 5m 01s, Rate: 6.2e+00/s
2023-07-22 08:04:05,153 subsystems 0/48 INFO :: Building subproblem matrices 433/2240 (~19%) Elapsed: 1m 10s, Remaining: 4m 52s, Rate: 6.2e+00/s
2023-07-22 08:04:07,861 subsystems 0/48 INFO :: Building subproblem matrices 448/2240 (~20%) Elapsed: 1m 13s, Remaining: 4m 51s, Rate: 6.2e+00/s
2023-07-22 08:04:15,209 subsystems 0/48 INFO :: Building subproblem matrices 492/2240 (~22%) Elapsed: 1m 20s, Remaining: 4m 45s, Rate: 6.1e+00/s
2023-07-22 08:04:25,217 subsystems 0/48 INFO :: Building subproblem matrices 552/2240 (~25%) Elapsed: 1m 30s, Remaining: 4m 36s, Rate: 6.1e+00/s
2023-07-22 08:04:35,132 subsystems 0/48 INFO :: Building subproblem matrices 610/2240 (~27%) Elapsed: 1m 40s, Remaining: 4m 27s, Rate: 6.1e+00/s
2023-07-22 08:04:45,074 subsystems 0/48 INFO :: Building subproblem matrices 669/2240 (~30%) Elapsed: 1m 50s, Remaining: 4m 18s, Rate: 6.1e+00/s
2023-07-22 08:04:45,579 subsystems 0/48 INFO :: Building subproblem matrices 672/2240 (~30%) Elapsed: 1m 51s, Remaining: 4m 18s, Rate: 6.1e+00/s
2023-07-22 08:04:55,201 subsystems 0/48 INFO :: Building subproblem matrices 729/2240 (~33%) Elapsed: 2m 00s, Remaining: 4m 09s, Rate: 6.1e+00/s
2023-07-22 08:05:05,144 subsystems 0/48 INFO :: Building subproblem matrices 786/2240 (~35%) Elapsed: 2m 10s, Remaining: 4m 01s, Rate: 6.0e+00/s
2023-07-22 08:05:15,236 subsystems 0/48 INFO :: Building subproblem matrices 846/2240 (~38%) Elapsed: 2m 20s, Remaining: 3m 51s, Rate: 6.0e+00/s
2023-07-22 08:05:23,707 subsystems 0/48 INFO :: Building subproblem matrices 896/2240 (~40%) Elapsed: 2m 29s, Remaining: 3m 43s, Rate: 6.0e+00/s
2023-07-22 08:05:25,227 subsystems 0/48 INFO :: Building subproblem matrices 905/2240 (~40%) Elapsed: 2m 30s, Remaining: 3m 42s, Rate: 6.0e+00/s
2023-07-22 08:05:35,219 subsystems 0/48 INFO :: Building subproblem matrices 964/2240 (~43%) Elapsed: 2m 40s, Remaining: 3m 32s, Rate: 6.0e+00/s
2023-07-22 08:05:45,073 subsystems 0/48 INFO :: Building subproblem matrices 1020/2240 (~46%) Elapsed: 2m 50s, Remaining: 3m 23s, Rate: 6.0e+00/s
2023-07-22 08:05:55,227 subsystems 0/48 INFO :: Building subproblem matrices 1080/2240 (~48%) Elapsed: 3m 00s, Remaining: 3m 14s, Rate: 6.0e+00/s
2023-07-22 08:06:01,995 subsystems 0/48 INFO :: Building subproblem matrices 1120/2240 (~50%) Elapsed: 3m 07s, Remaining: 3m 07s, Rate: 6.0e+00/s
2023-07-22 08:06:05,219 subsystems 0/48 INFO :: Building subproblem matrices 1139/2240 (~51%) Elapsed: 3m 10s, Remaining: 3m 04s, Rate: 6.0e+00/s
2023-07-22 08:06:15,192 subsystems 0/48 INFO :: Building subproblem matrices 1198/2240 (~53%) Elapsed: 3m 20s, Remaining: 2m 54s, Rate: 6.0e+00/s
2023-07-22 08:06:25,148 subsystems 0/48 INFO :: Building subproblem matrices 1254/2240 (~56%) Elapsed: 3m 30s, Remaining: 2m 45s, Rate: 6.0e+00/s
2023-07-22 08:06:35,121 subsystems 0/48 INFO :: Building subproblem matrices 1313/2240 (~59%) Elapsed: 3m 40s, Remaining: 2m 35s, Rate: 6.0e+00/s
2023-07-22 08:06:40,367 subsystems 0/48 INFO :: Building subproblem matrices 1344/2240 (~60%) Elapsed: 3m 45s, Remaining: 2m 30s, Rate: 6.0e+00/s
2023-07-22 08:06:45,106 subsystems 0/48 INFO :: Building subproblem matrices 1372/2240 (~61%) Elapsed: 3m 50s, Remaining: 2m 26s, Rate: 6.0e+00/s
2023-07-22 08:06:55,211 subsystems 0/48 INFO :: Building subproblem matrices 1432/2240 (~64%) Elapsed: 4m 00s, Remaining: 2m 15s, Rate: 6.0e+00/s
2023-07-22 08:07:05,190 subsystems 0/48 INFO :: Building subproblem matrices 1491/2240 (~67%) Elapsed: 4m 10s, Remaining: 2m 06s, Rate: 6.0e+00/s
2023-07-22 08:07:15,156 subsystems 0/48 INFO :: Building subproblem matrices 1550/2240 (~69%) Elapsed: 4m 20s, Remaining: 1m 56s, Rate: 6.0e+00/s
2023-07-22 08:07:18,763 subsystems 0/48 INFO :: Building subproblem matrices 1568/2240 (~70%) Elapsed: 4m 24s, Remaining: 1m 53s, Rate: 5.9e+00/s
2023-07-22 08:07:25,180 subsystems 0/48 INFO :: Building subproblem matrices 1606/2240 (~72%) Elapsed: 4m 30s, Remaining: 1m 47s, Rate: 5.9e+00/s
2023-07-22 08:07:35,149 subsystems 0/48 INFO :: Building subproblem matrices 1665/2240 (~74%) Elapsed: 4m 40s, Remaining: 1m 37s, Rate: 5.9e+00/s
2023-07-22 08:07:45,117 subsystems 0/48 INFO :: Building subproblem matrices 1724/2240 (~77%) Elapsed: 4m 50s, Remaining: 1m 27s, Rate: 5.9e+00/s
2023-07-22 08:07:55,231 subsystems 0/48 INFO :: Building subproblem matrices 1784/2240 (~80%) Elapsed: 5m 00s, Remaining: 1m 17s, Rate: 5.9e+00/s
2023-07-22 08:07:56,584 subsystems 0/48 INFO :: Building subproblem matrices 1792/2240 (~80%) Elapsed: 5m 02s, Remaining: 1m 15s, Rate: 5.9e+00/s
2023-07-22 08:08:05,072 subsystems 0/48 INFO :: Building subproblem matrices 1842/2240 (~82%) Elapsed: 5m 10s, Remaining: 1m 07s, Rate: 5.9e+00/s
2023-07-22 08:08:15,214 subsystems 0/48 INFO :: Building subproblem matrices 1902/2240 (~85%) Elapsed: 5m 20s, Remaining: 57s, Rate: 5.9e+00/s
2023-07-22 08:08:25,154 subsystems 0/48 INFO :: Building subproblem matrices 1961/2240 (~88%) Elapsed: 5m 30s, Remaining: 47s, Rate: 5.9e+00/s
2023-07-22 08:08:35,087 subsystems 0/48 INFO :: Building subproblem matrices 2015/2240 (~90%) Elapsed: 5m 40s, Remaining: 38s, Rate: 5.9e+00/s
2023-07-22 08:08:35,256 subsystems 0/48 INFO :: Building subproblem matrices 2016/2240 (~90%) Elapsed: 5m 40s, Remaining: 38s, Rate: 5.9e+00/s
2023-07-22 08:08:45,220 subsystems 0/48 INFO :: Building subproblem matrices 2075/2240 (~93%) Elapsed: 5m 50s, Remaining: 28s, Rate: 5.9e+00/s
2023-07-22 08:08:55,210 subsystems 0/48 INFO :: Building subproblem matrices 2134/2240 (~95%) Elapsed: 6m 00s, Remaining: 18s, Rate: 5.9e+00/s
2023-07-22 08:09:05,186 subsystems 0/48 INFO :: Building subproblem matrices 2193/2240 (~98%) Elapsed: 6m 10s, Remaining: 8s, Rate: 5.9e+00/s
2023-07-22 08:09:13,109 subsystems 0/48 INFO :: Building subproblem matrices 2240/2240 (~100%) Elapsed: 6m 18s, Remaining: 0s, Rate: 5.9e+00/s
2023-07-22 08:09:43,677 solvers 0/48 INFO :: Loading solver state from: snapshots/snapshots_s1886.h5
2023-07-22 08:09:43,706 solvers 0/48 INFO :: Loading iteration: 28153
2023-07-22 08:09:43,706 solvers 0/48 INFO :: Loading write: 1886
2023-07-22 08:09:43,706 solvers 0/48 INFO :: Loading sim time: 470.25084364873453
2023-07-22 08:09:43,706 solvers 0/48 INFO :: Loading timestep: 0.000984973267580763
2023-07-22 08:10:08,793 __main__ 0/48 INFO :: Starting main loop
2023-07-22 08:12:19,194 __main__ 0/48 INFO :: Iteration=28161, Time=4.702711e+02, dt=3.751125e-03, max(Re)=3045.995925
2023-07-22 08:13:07,510 __main__ 0/48 INFO :: Iteration=28171, Time=4.703086e+02, dt=3.751125e-03, max(Re)=3075.940434
2023-07-22 08:14:08,908 __main__ 0/48 INFO :: Iteration=28181, Time=4.703451e+02, dt=3.554399e-03, max(Re)=3114.805428
2023-07-22 08:14:56,715 __main__ 0/48 INFO :: Iteration=28191, Time=4.703807e+02, dt=3.554399e-03, max(Re)=3154.810479
2023-07-22 08:15:46,276 __main__ 0/48 INFO :: Iteration=28201, Time=4.704162e+02, dt=3.554399e-03, max(Re)=3202.337396
2023-07-22 08:16:34,208 __main__ 0/48 INFO :: Iteration=28211, Time=4.704518e+02, dt=3.554399e-03, max(Re)=3259.364028
2023-07-22 08:17:35,632 __main__ 0/48 INFO :: Iteration=28221, Time=4.704869e+02, dt=3.366308e-03, max(Re)=3339.441246
2023-07-22 08:18:32,526 __main__ 0/48 INFO :: Iteration=28231, Time=4.705206e+02, dt=3.366308e-03, max(Re)=3553.687936
2023-07-22 08:19:34,132 __main__ 0/48 INFO :: Iteration=28241, Time=4.705538e+02, dt=2.960838e-03, max(Re)=4454.071175
2023-07-22 08:21:55,622 __main__ 0/48 INFO :: Iteration=28251, Time=4.705777e+02, dt=2.095979e-03, max(Re)=4964.199872
2023-07-22 08:23:36,439 __main__ 0/48 INFO :: Iteration=28261, Time=4.705988e+02, dt=1.940608e-03, max(Re)=5554.791117
2023-07-22 08:25:56,458 __main__ 0/48 INFO :: Iteration=28271, Time=4.706190e+02, dt=1.868655e-03, max(Re)=5359.222052
2023-07-22 08:28:34,379 __main__ 0/48 INFO :: Iteration=28281, Time=4.706392e+02, dt=1.997921e-03, max(Re)=5076.140430
2023-07-22 08:30:17,967 __main__ 0/48 INFO :: Iteration=28291, Time=4.706605e+02, dt=2.304711e-03, max(Re)=5071.532048
2023-07-22 08:32:42,370 __main__ 0/48 INFO :: Iteration=28301, Time=4.706823e+02, dt=2.167964e-03, max(Re)=4696.719991
2023-07-22 08:33:56,940 __main__ 0/48 INFO :: Iteration=28311, Time=4.707068e+02, dt=2.508453e-03, max(Re)=4675.242087
2023-07-22 08:35:53,420 __main__ 0/48 INFO :: Iteration=28321, Time=4.707307e+02, dt=2.502907e-03, max(Re)=4685.798675
2023-07-22 08:38:29,642 __main__ 0/48 INFO :: Iteration=28331, Time=4.707521e+02, dt=2.101205e-03, max(Re)=5140.993364
2023-07-22 08:40:27,224 __main__ 0/48 INFO :: Iteration=28341, Time=4.707739e+02, dt=2.271515e-03, max(Re)=5137.701484
2023-07-22 08:41:16,771 __main__ 0/48 INFO :: Iteration=28351, Time=4.707966e+02, dt=2.271515e-03, max(Re)=4731.894762
2023-07-22 08:42:19,647 __main__ 0/48 INFO :: Iteration=28361, Time=4.708200e+02, dt=2.449631e-03, max(Re)=4533.594751
2023-07-22 08:44:03,755 __main__ 0/48 INFO :: Iteration=28371, Time=4.708459e+02, dt=2.420834e-03, max(Re)=5062.844164
2023-07-22 08:45:20,865 __main__ 0/48 INFO :: Iteration=28381, Time=4.708699e+02, dt=2.372882e-03, max(Re)=4881.314333
2023-07-22 08:46:37,193 __main__ 0/48 INFO :: Iteration=28391, Time=4.708938e+02, dt=2.365030e-03, max(Re)=4840.991177
2023-07-22 08:48:35,441 __main__ 0/48 INFO :: Iteration=28401, Time=4.709187e+02, dt=2.502878e-03, max(Re)=4662.532152
2023-07-22 08:50:05,655 __main__ 0/48 INFO :: Iteration=28411, Time=4.709447e+02, dt=2.643426e-03, max(Re)=4485.808433
2023-07-22 08:51:08,691 __main__ 0/48 INFO :: Iteration=28421, Time=4.709722e+02, dt=2.787096e-03, max(Re)=4193.788203
2023-07-22 08:52:11,863 __main__ 0/48 INFO :: Iteration=28431, Time=4.710005e+02, dt=2.956147e-03, max(Re)=4006.848844
2023-07-22 08:53:44,613 __main__ 0/48 INFO :: Iteration=28441, Time=4.710299e+02, dt=2.762547e-03, max(Re)=4285.411187
2023-07-22 08:54:33,899 __main__ 0/48 INFO :: Iteration=28451, Time=4.710575e+02, dt=2.762547e-03, max(Re)=4272.599201
2023-07-22 08:55:23,023 __main__ 0/48 INFO :: Iteration=28461, Time=4.710851e+02, dt=2.762547e-03, max(Re)=4494.434643
2023-07-22 08:57:34,439 __main__ 0/48 INFO :: Iteration=28471, Time=4.711125e+02, dt=2.817898e-03, max(Re)=4310.117968
2023-07-22 08:58:23,779 __main__ 0/48 INFO :: Iteration=28481, Time=4.711406e+02, dt=2.817898e-03, max(Re)=4219.145127
2023-07-22 08:59:12,996 __main__ 0/48 INFO :: Iteration=28491, Time=4.711688e+02, dt=2.817898e-03, max(Re)=3929.190227
2023-07-22 09:00:30,465 __main__ 0/48 INFO :: Iteration=28501, Time=4.711986e+02, dt=3.149748e-03, max(Re)=3755.287345
2023-07-22 09:01:47,357 __main__ 0/48 INFO :: Iteration=28511, Time=4.712310e+02, dt=3.093693e-03, max(Re)=3747.874198
2023-07-22 09:04:33,913 __main__ 0/48 INFO :: Iteration=28521, Time=4.712608e+02, dt=3.052636e-03, max(Re)=3992.465659
2023-07-22 09:07:41,835 __main__ 0/48 INFO :: Iteration=28531, Time=4.712897e+02, dt=2.909253e-03, max(Re)=3983.589386
2023-07-22 09:09:12,587 __main__ 0/48 INFO :: Iteration=28541, Time=4.713178e+02, dt=2.738878e-03, max(Re)=3737.539456
2023-07-22 09:10:30,742 __main__ 0/48 INFO :: Iteration=28551, Time=4.713467e+02, dt=2.787286e-03, max(Re)=4083.037475
2023-07-22 09:11:20,337 __main__ 0/48 INFO :: Iteration=28561, Time=4.713746e+02, dt=2.787286e-03, max(Re)=4059.006160
2023-07-22 09:12:23,574 __main__ 0/48 INFO :: Iteration=28571, Time=4.714021e+02, dt=2.474550e-03, max(Re)=4147.181836
2023-07-22 09:13:55,058 __main__ 0/48 INFO :: Iteration=28581, Time=4.714284e+02, dt=2.644447e-03, max(Re)=3966.166910
2023-07-22 09:14:44,383 __main__ 0/48 INFO :: Iteration=28591, Time=4.714548e+02, dt=2.644447e-03, max(Re)=3720.144921
2023-07-22 09:15:34,473 __main__ 0/48 INFO :: Iteration=28601, Time=4.714813e+02, dt=2.644447e-03, max(Re)=3596.574926
2023-07-22 09:16:26,056 __main__ 0/48 INFO :: Iteration=28611, Time=4.715077e+02, dt=2.644447e-03, max(Re)=3537.546825
2023-07-22 09:17:43,168 __main__ 0/48 INFO :: Iteration=28621, Time=4.715360e+02, dt=2.973809e-03, max(Re)=3361.009406
2023-07-22 09:18:46,500 __main__ 0/48 INFO :: Iteration=28631, Time=4.715668e+02, dt=3.127595e-03, max(Re)=3209.241108
2023-07-22 09:19:50,135 __main__ 0/48 INFO :: Iteration=28641, Time=4.715972e+02, dt=2.951623e-03, max(Re)=3254.308789
2023-07-22 09:21:20,580 __main__ 0/48 INFO :: Iteration=28651, Time=4.716251e+02, dt=2.707673e-03, max(Re)=3644.644838
2023-07-22 09:22:37,742 __main__ 0/48 INFO :: Iteration=28661, Time=4.716546e+02, dt=3.064833e-03, max(Re)=3735.527665
2023-07-22 09:23:27,507 __main__ 0/48 INFO :: Iteration=28671, Time=4.716852e+02, dt=3.064833e-03, max(Re)=3706.521989
2023-07-22 09:24:30,615 __main__ 0/48 INFO :: Iteration=28681, Time=4.717170e+02, dt=3.224645e-03, max(Re)=3564.610498
2023-07-22 09:25:19,745 __main__ 0/48 INFO :: Iteration=28691, Time=4.717493e+02, dt=3.224645e-03, max(Re)=3527.843839
2023-07-22 09:26:10,980 __main__ 0/48 INFO :: Iteration=28701, Time=4.717815e+02, dt=3.224645e-03, max(Re)=3436.280216
2023-07-22 09:27:00,373 __main__ 0/48 INFO :: Iteration=28711, Time=4.718138e+02, dt=3.224645e-03, max(Re)=3598.364676
2023-07-22 09:27:49,740 __main__ 0/48 INFO :: Iteration=28721, Time=4.718460e+02, dt=3.224645e-03, max(Re)=3609.055134
2023-07-22 09:30:01,530 __main__ 0/48 INFO :: Iteration=28731, Time=4.718780e+02, dt=3.270429e-03, max(Re)=3754.602335
2023-07-22 09:31:30,774 __main__ 0/48 INFO :: Iteration=28741, Time=4.719090e+02, dt=3.037593e-03, max(Re)=3652.591909
2023-07-22 09:32:32,935 __main__ 0/48 INFO :: Iteration=28751, Time=4.719392e+02, dt=2.875540e-03, max(Re)=3713.016948
2023-07-22 09:33:35,593 __main__ 0/48 INFO :: Iteration=28761, Time=4.719684e+02, dt=3.035265e-03, max(Re)=3365.048995
2023-07-22 09:34:52,232 __main__ 0/48 INFO :: Iteration=28771, Time=4.720011e+02, dt=3.418826e-03, max(Re)=3173.909000
2023-07-22 09:35:57,781 __main__ 0/48 INFO :: Iteration=28781, Time=4.720343e+02, dt=3.217292e-03, max(Re)=3185.324740
2023-07-22 09:37:14,441 __main__ 0/48 INFO :: Iteration=28791, Time=4.720674e+02, dt=3.164364e-03, max(Re)=3134.112080
2023-07-22 09:38:04,232 __main__ 0/48 INFO :: Iteration=28801, Time=4.720990e+02, dt=3.164364e-03, max(Re)=3053.354709
2023-07-22 09:39:22,088 __main__ 0/48 INFO :: Iteration=28811, Time=4.721319e+02, dt=3.531968e-03, max(Re)=3103.581617
2023-07-22 09:40:25,576 __main__ 0/48 INFO :: Iteration=28821, Time=4.721692e+02, dt=3.749667e-03, max(Re)=3514.616432
2023-07-22 09:42:51,317 __main__ 0/48 INFO :: Iteration=28831, Time=4.722016e+02, dt=3.070217e-03, max(Re)=3848.542808
2023-07-22 09:43:54,474 __main__ 0/48 INFO :: Iteration=28841, Time=4.722343e+02, dt=3.270871e-03, max(Re)=3691.863118
2023-07-22 09:45:40,850 __main__ 0/48 INFO :: Iteration=28851, Time=4.722673e+02, dt=3.252117e-03, max(Re)=3751.367399
2023-07-22 09:47:52,534 __main__ 0/48 INFO :: Iteration=28861, Time=4.723002e+02, dt=3.208024e-03, max(Re)=3878.421561
2023-07-22 09:49:22,835 __main__ 0/48 INFO :: Iteration=28871, Time=4.723336e+02, dt=3.382942e-03, max(Re)=3541.576678
2023-07-22 09:50:25,935 __main__ 0/48 INFO :: Iteration=28881, Time=4.723683e+02, dt=3.601768e-03, max(Re)=3306.625504
2023-07-22 09:51:42,942 __main__ 0/48 INFO :: Iteration=28891, Time=4.724030e+02, dt=3.488347e-03, max(Re)=3480.692331
2023-07-22 09:53:01,372 __main__ 0/48 INFO :: Iteration=28901, Time=4.724372e+02, dt=3.471391e-03, max(Re)=3233.648291
2023-07-22 09:54:04,460 __main__ 0/48 INFO :: Iteration=28911, Time=4.724736e+02, dt=3.710133e-03, max(Re)=3158.033081
2023-07-22 09:54:55,314 __main__ 0/48 INFO :: Iteration=28921, Time=4.725107e+02, dt=3.710133e-03, max(Re)=2868.163199
2023-07-22 09:55:44,336 __main__ 0/48 INFO :: Iteration=28931, Time=4.725478e+02, dt=3.710133e-03, max(Re)=2821.699192
2023-07-22 09:56:33,687 __main__ 0/48 INFO :: Iteration=28941, Time=4.725849e+02, dt=3.710133e-03, max(Re)=2888.162935
2023-07-22 09:57:23,004 __main__ 0/48 INFO :: Iteration=28951, Time=4.726220e+02, dt=3.710133e-03, max(Re)=3039.759844
2023-07-22 09:58:12,057 __main__ 0/48 INFO :: Iteration=28961, Time=4.726591e+02, dt=3.710133e-03, max(Re)=3202.426802
2023-07-22 09:59:01,887 __main__ 0/48 INFO :: Iteration=28971, Time=4.726962e+02, dt=3.710133e-03, max(Re)=3139.377803
2023-07-22 09:59:51,167 __main__ 0/48 INFO :: Iteration=28981, Time=4.727333e+02, dt=3.710133e-03, max(Re)=3179.558733
2023-07-22 10:00:54,865 __main__ 0/48 INFO :: Iteration=28991, Time=4.727687e+02, dt=3.521369e-03, max(Re)=3266.394385
2023-07-22 10:02:11,497 __main__ 0/48 INFO :: Iteration=29001, Time=4.728023e+02, dt=3.167529e-03, max(Re)=3381.865742
2023-07-22 10:03:00,351 __main__ 0/48 INFO :: Iteration=29011, Time=4.728340e+02, dt=3.167529e-03, max(Re)=3460.998510
2023-07-22 10:04:02,915 __main__ 0/48 INFO :: Iteration=29021, Time=4.728646e+02, dt=2.990501e-03, max(Re)=3663.310698
2023-07-22 10:05:20,600 __main__ 0/48 INFO :: Iteration=29031, Time=4.728920e+02, dt=2.615711e-03, max(Re)=3844.910234
2023-07-22 10:06:23,600 __main__ 0/48 INFO :: Iteration=29041, Time=4.729169e+02, dt=2.483018e-03, max(Re)=3988.944260
2023-07-22 10:07:12,228 __main__ 0/48 INFO :: Iteration=29051, Time=4.729417e+02, dt=2.483018e-03, max(Re)=4023.897478
2023-07-22 10:08:15,661 __main__ 0/48 INFO :: Iteration=29061, Time=4.729655e+02, dt=2.309698e-03, max(Re)=4077.366633
2023-07-22 10:09:04,602 __main__ 0/48 INFO :: Iteration=29071, Time=4.729886e+02, dt=2.309698e-03, max(Re)=4146.143091
2023-07-22 10:10:09,300 __main__ 0/48 INFO :: Iteration=29081, Time=4.730119e+02, dt=2.447097e-03, max(Re)=4065.435398
2023-07-22 10:11:12,228 __main__ 0/48 INFO :: Iteration=29091, Time=4.730369e+02, dt=2.587877e-03, max(Re)=3868.881406
2023-07-22 10:12:01,568 __main__ 0/48 INFO :: Iteration=29101, Time=4.730628e+02, dt=2.587877e-03, max(Re)=3841.961803
2023-07-22 10:13:04,199 __main__ 0/48 INFO :: Iteration=29111, Time=4.730900e+02, dt=2.740282e-03, max(Re)=4165.026590
2023-07-22 10:13:52,969 __main__ 0/48 INFO :: Iteration=29121, Time=4.731174e+02, dt=2.740282e-03, max(Re)=4279.559925
2023-07-22 10:14:41,610 __main__ 0/48 INFO :: Iteration=29131, Time=4.731448e+02, dt=2.740282e-03, max(Re)=4412.221546
2023-07-22 10:15:44,356 __main__ 0/48 INFO :: Iteration=29141, Time=4.731707e+02, dt=2.572051e-03, max(Re)=4487.843048
2023-07-22 10:16:33,872 __main__ 0/48 INFO :: Iteration=29151, Time=4.731964e+02, dt=2.572051e-03, max(Re)=4516.707520
2023-07-22 10:17:22,503 __main__ 0/48 INFO :: Iteration=29161, Time=4.732222e+02, dt=2.572051e-03, max(Re)=4332.010743
2023-07-22 10:18:11,182 __main__ 0/48 INFO :: Iteration=29171, Time=4.732479e+02, dt=2.572051e-03, max(Re)=4045.261917
2023-07-22 10:19:01,483 __main__ 0/48 INFO :: Iteration=29181, Time=4.732736e+02, dt=2.572051e-03, max(Re)=4060.147666
2023-07-22 10:19:50,708 __main__ 0/48 INFO :: Iteration=29191, Time=4.732993e+02, dt=2.572051e-03, max(Re)=4033.708442
2023-07-22 10:20:39,563 __main__ 0/48 INFO :: Iteration=29201, Time=4.733250e+02, dt=2.572051e-03, max(Re)=3979.006629
2023-07-22 10:21:42,291 __main__ 0/48 INFO :: Iteration=29211, Time=4.733499e+02, dt=2.431830e-03, max(Re)=4016.930587
2023-07-22 10:22:30,768 __main__ 0/48 INFO :: Iteration=29221, Time=4.733742e+02, dt=2.431830e-03, max(Re)=4157.159606
2023-07-22 10:23:19,574 __main__ 0/48 INFO :: Iteration=29231, Time=4.733986e+02, dt=2.431830e-03, max(Re)=4282.671855
2023-07-22 10:24:08,057 __main__ 0/48 INFO :: Iteration=29241, Time=4.734229e+02, dt=2.431830e-03, max(Re)=4174.153927
2023-07-22 10:24:56,667 __main__ 0/48 INFO :: Iteration=29251, Time=4.734472e+02, dt=2.431830e-03, max(Re)=4081.421246
2023-07-22 10:25:58,882 __main__ 0/48 INFO :: Iteration=29261, Time=4.734724e+02, dt=2.608088e-03, max(Re)=4152.883063
2023-07-22 10:26:47,625 __main__ 0/48 INFO :: Iteration=29271, Time=4.734985e+02, dt=2.608088e-03, max(Re)=4278.922299
2023-07-22 10:27:37,488 __main__ 0/48 INFO :: Iteration=29281, Time=4.735246e+02, dt=2.608088e-03, max(Re)=4335.624994
2023-07-22 10:28:25,462 __main__ 0/48 INFO :: Iteration=29291, Time=4.735506e+02, dt=2.608088e-03, max(Re)=4243.678312
2023-07-22 10:29:27,317 __main__ 0/48 INFO :: Iteration=29301, Time=4.735763e+02, dt=2.473230e-03, max(Re)=4215.992670
2023-07-22 10:30:15,022 __main__ 0/48 INFO :: Iteration=29311, Time=4.736011e+02, dt=2.473230e-03, max(Re)=4072.208256
2023-07-22 10:31:03,373 __main__ 0/48 INFO :: Iteration=29321, Time=4.736258e+02, dt=2.473230e-03, max(Re)=4018.904250
2023-07-22 10:31:51,356 __main__ 0/48 INFO :: Iteration=29331, Time=4.736505e+02, dt=2.473230e-03, max(Re)=4303.152712
2023-07-22 10:32:39,722 __main__ 0/48 INFO :: Iteration=29341, Time=4.736752e+02, dt=2.473230e-03, max(Re)=4522.938349
2023-07-22 10:33:28,252 __main__ 0/48 INFO :: Iteration=29351, Time=4.737000e+02, dt=2.473230e-03, max(Re)=4644.435651
2023-07-22 10:34:16,868 __main__ 0/48 INFO :: Iteration=29361, Time=4.737247e+02, dt=2.473230e-03, max(Re)=5051.029298
2023-07-22 10:35:05,713 __main__ 0/48 INFO :: Iteration=29371, Time=4.737494e+02, dt=2.473230e-03, max(Re)=4930.674109
2023-07-22 10:35:56,383 __main__ 0/48 INFO :: Iteration=29381, Time=4.737742e+02, dt=2.473230e-03, max(Re)=4582.222631
2023-07-22 10:36:58,884 __main__ 0/48 INFO :: Iteration=29391, Time=4.737997e+02, dt=2.606465e-03, max(Re)=4370.183084
2023-07-22 10:38:01,638 __main__ 0/48 INFO :: Iteration=29401, Time=4.738263e+02, dt=2.741924e-03, max(Re)=4329.345503
2023-07-22 10:39:03,798 __main__ 0/48 INFO :: Iteration=29411, Time=4.738539e+02, dt=2.887818e-03, max(Re)=4065.926532
2023-07-22 10:40:06,361 __main__ 0/48 INFO :: Iteration=29421, Time=4.738822e+02, dt=2.710341e-03, max(Re)=3868.769809
2023-07-22 10:40:54,940 __main__ 0/48 INFO :: Iteration=29431, Time=4.739093e+02, dt=2.710341e-03, max(Re)=3536.430494
2023-07-22 10:41:43,561 __main__ 0/48 INFO :: Iteration=29441, Time=4.739364e+02, dt=2.710341e-03, max(Re)=3355.115263
2023-07-22 10:42:32,432 __main__ 0/48 INFO :: Iteration=29451, Time=4.739635e+02, dt=2.710341e-03, max(Re)=3219.693646
2023-07-22 10:43:34,660 __main__ 0/48 INFO :: Iteration=29461, Time=4.739902e+02, dt=2.573028e-03, max(Re)=3335.139292
2023-07-22 10:44:38,759 __main__ 0/48 INFO :: Iteration=29471, Time=4.740155e+02, dt=2.423280e-03, max(Re)=3223.434380
2023-07-22 10:45:54,926 __main__ 0/48 INFO :: Iteration=29481, Time=4.740420e+02, dt=2.801818e-03, max(Re)=3121.605541
2023-07-22 10:47:10,912 __main__ 0/48 INFO :: Iteration=29491, Time=4.740729e+02, dt=3.225736e-03, max(Re)=3286.929756
2023-07-22 10:47:59,899 __main__ 0/48 INFO :: Iteration=29501, Time=4.741052e+02, dt=3.225736e-03, max(Re)=3223.676340
2023-07-22 10:48:48,366 __main__ 0/48 INFO :: Iteration=29511, Time=4.741374e+02, dt=3.225736e-03, max(Re)=3105.697992
2023-07-22 10:49:50,533 __main__ 0/48 INFO :: Iteration=29521, Time=4.741700e+02, dt=3.390375e-03, max(Re)=3036.283124
2023-07-22 10:50:39,322 __main__ 0/48 INFO :: Iteration=29531, Time=4.742039e+02, dt=3.390375e-03, max(Re)=2971.725718
2023-07-22 10:51:27,624 __main__ 0/48 INFO :: Iteration=29541, Time=4.742378e+02, dt=3.390375e-03, max(Re)=2995.497764
2023-07-22 10:52:17,901 __main__ 0/48 INFO :: Iteration=29551, Time=4.742717e+02, dt=3.390375e-03, max(Re)=2927.063693
2023-07-22 10:53:06,471 __main__ 0/48 INFO :: Iteration=29561, Time=4.743056e+02, dt=3.390375e-03, max(Re)=2929.882778
2023-07-22 10:54:08,770 __main__ 0/48 INFO :: Iteration=29571, Time=4.743380e+02, dt=3.172752e-03, max(Re)=2929.182361
2023-07-22 10:55:38,322 __main__ 0/48 INFO :: Iteration=29581, Time=4.743702e+02, dt=2.989932e-03, max(Re)=3277.872553
2023-07-22 10:56:26,656 __main__ 0/48 INFO :: Iteration=29591, Time=4.744001e+02, dt=2.989932e-03, max(Re)=3198.717546
2023-07-22 10:57:15,224 __main__ 0/48 INFO :: Iteration=29601, Time=4.744300e+02, dt=2.989932e-03, max(Re)=3102.726399
2023-07-22 10:58:31,993 __main__ 0/48 INFO :: Iteration=29611, Time=4.744611e+02, dt=3.005927e-03, max(Re)=3280.952984
2023-07-22 10:59:33,982 __main__ 0/48 INFO :: Iteration=29621, Time=4.744899e+02, dt=2.853236e-03, max(Re)=3382.055789
2023-07-22 11:00:23,971 __main__ 0/48 INFO :: Iteration=29631, Time=4.745184e+02, dt=2.853236e-03, max(Re)=3074.093458
2023-07-22 11:01:40,018 __main__ 0/48 INFO :: Iteration=29641, Time=4.745492e+02, dt=3.199204e-03, max(Re)=3173.833017
2023-07-22 11:02:42,468 __main__ 0/48 INFO :: Iteration=29651, Time=4.745801e+02, dt=3.038020e-03, max(Re)=3424.491370
2023-07-22 11:03:31,010 __main__ 0/48 INFO :: Iteration=29661, Time=4.746105e+02, dt=3.038020e-03, max(Re)=3326.423761
2023-07-22 11:04:19,832 __main__ 0/48 INFO :: Iteration=29671, Time=4.746409e+02, dt=3.038020e-03, max(Re)=3262.478568
2023-07-22 11:05:08,689 __main__ 0/48 INFO :: Iteration=29681, Time=4.746713e+02, dt=3.038020e-03, max(Re)=3449.569218
2023-07-22 11:05:57,330 __main__ 0/48 INFO :: Iteration=29691, Time=4.747016e+02, dt=3.038020e-03, max(Re)=3541.080697
2023-07-22 11:06:46,510 __main__ 0/48 INFO :: Iteration=29701, Time=4.747320e+02, dt=3.038020e-03, max(Re)=3371.674704
Ra_D -1500000.0000000002
Ra_M 4500000.000000001
Prandtl 0.7142857142857143
100.39920318408906
2023-07-22 11:07:19,406 __main__ 42/48 ERROR :: Exception raised, triggering end of main loop.
Ra_D -1500000.0000000002
Ra_M 4500000.000000001
Prandtl 0.7142857142857143
100.39920318408906
2023-07-22 11:07:19,411 __main__ 18/48 ERROR :: Exception raised, triggering end of main loop.
Ra_D -1500000.0000000002
Ra_M 4500000.000000001
Prandtl 0.7142857142857143
100.39920318408906
2023-07-22 11:07:19,407 __main__ 11/48 ERROR :: Exception raised, triggering end of main loop.
Ra_D -1500000.0000000002
Ra_M 4500000.000000001
Prandtl 0.7142857142857143
100.39920318408906
2023-07-22 11:07:19,413 __main__ 45/48 ERROR :: Exception raised, triggering end of main loop.
Ra_D -1500000.0000000002
Ra_M 4500000.000000001
Prandtl 0.7142857142857143
100.39920318408906
2023-07-22 11:07:19,612 __main__ 15/48 ERROR :: Exception raised, triggering end of main loop.
Ra_D -1500000.0000000002
Ra_M 4500000.000000001
Prandtl 0.7142857142857143
100.39920318408906
2023-07-22 11:07:19,620 __main__ 24/48 ERROR :: Exception raised, triggering end of main loop.
Ra_D -1500000.0000000002
Ra_M 4500000.000000001
Prandtl 0.7142857142857143
100.39920318408906
2023-07-22 11:07:19,624 __main__ 12/48 ERROR :: Exception raised, triggering end of main loop.
srun: Job step aborted: Waiting up to 32 seconds for job step to finish.
slurmstepd: error: *** JOB 35625554 ON cm001 CANCELLED AT 2023-07-22T12:11:38 ***
