124000.0
248000.00000000003
2023-07-10 17:09:26,736 subsystems 0/64 INFO :: Building subproblem matrices 1/256 (~0%) Elapsed: 0s, Remaining: 1m 01s, Rate: 4.2e+00/s
2023-07-10 17:09:29,445 subsystems 0/64 INFO :: Building subproblem matrices 26/256 (~10%) Elapsed: 3s, Remaining: 26s, Rate: 8.8e+00/s
2023-07-10 17:09:32,318 subsystems 0/64 INFO :: Building subproblem matrices 52/256 (~20%) Elapsed: 6s, Remaining: 23s, Rate: 8.9e+00/s
2023-07-10 17:09:35,140 subsystems 0/64 INFO :: Building subproblem matrices 78/256 (~30%) Elapsed: 9s, Remaining: 20s, Rate: 9.0e+00/s
2023-07-10 17:09:36,550 subsystems 0/64 INFO :: Building subproblem matrices 91/256 (~36%) Elapsed: 10s, Remaining: 18s, Rate: 9.1e+00/s
2023-07-10 17:09:37,955 subsystems 0/64 INFO :: Building subproblem matrices 104/256 (~41%) Elapsed: 11s, Remaining: 17s, Rate: 9.1e+00/s
2023-07-10 17:09:40,831 subsystems 0/64 INFO :: Building subproblem matrices 130/256 (~51%) Elapsed: 14s, Remaining: 14s, Rate: 9.1e+00/s
2023-07-10 17:09:43,698 subsystems 0/64 INFO :: Building subproblem matrices 156/256 (~61%) Elapsed: 17s, Remaining: 11s, Rate: 9.1e+00/s
2023-07-10 17:09:46,576 subsystems 0/64 INFO :: Building subproblem matrices 182/256 (~71%) Elapsed: 20s, Remaining: 8s, Rate: 9.1e+00/s
2023-07-10 17:09:49,532 subsystems 0/64 INFO :: Building subproblem matrices 208/256 (~81%) Elapsed: 23s, Remaining: 5s, Rate: 9.0e+00/s
2023-07-10 17:09:52,413 subsystems 0/64 INFO :: Building subproblem matrices 234/256 (~91%) Elapsed: 26s, Remaining: 2s, Rate: 9.0e+00/s
2023-07-10 17:09:54,848 subsystems 0/64 INFO :: Building subproblem matrices 256/256 (~100%) Elapsed: 28s, Remaining: 0s, Rate: 9.0e+00/s
2023-07-10 17:09:55,958 __main__ 0/64 INFO :: Starting main loop
2023-07-10 17:10:00,619 __main__ 0/64 INFO :: Iteration=1, Time=1.250000e-01, dt=1.250000e-01, max(Re)=0.000000
2023-07-10 17:10:05,945 __main__ 0/64 INFO :: Iteration=11, Time=1.375000e+00, dt=1.250000e-01, max(Re)=0.016815
2023-07-10 17:10:10,745 __main__ 0/64 INFO :: Iteration=21, Time=2.625000e+00, dt=1.250000e-01, max(Re)=0.038108
2023-07-10 17:10:15,300 __main__ 0/64 INFO :: Iteration=31, Time=3.875000e+00, dt=1.250000e-01, max(Re)=0.104927
2023-07-10 17:10:20,155 __main__ 0/64 INFO :: Iteration=41, Time=5.125000e+00, dt=1.250000e-01, max(Re)=0.317245
2023-07-10 17:10:25,021 __main__ 0/64 INFO :: Iteration=51, Time=6.375000e+00, dt=1.250000e-01, max(Re)=0.983242
2023-07-10 17:10:29,392 __main__ 0/64 INFO :: Iteration=61, Time=7.625000e+00, dt=1.250000e-01, max(Re)=3.107612
2023-07-10 17:10:34,157 __main__ 0/64 INFO :: Iteration=71, Time=8.875000e+00, dt=1.250000e-01, max(Re)=9.966581
2023-07-10 17:10:38,598 __main__ 0/64 INFO :: Iteration=81, Time=1.012500e+01, dt=1.250000e-01, max(Re)=32.429483
2023-07-10 17:10:43,126 __main__ 0/64 INFO :: Iteration=91, Time=1.137500e+01, dt=1.250000e-01, max(Re)=104.939313
2023-07-10 17:10:48,601 __main__ 0/64 INFO :: Iteration=101, Time=1.227850e+01, dt=9.035023e-02, max(Re)=228.216481
2023-07-10 17:10:54,158 __main__ 0/64 INFO :: Iteration=111, Time=1.273025e+01, dt=4.517511e-02, max(Re)=286.820529
2023-07-10 17:10:59,036 __main__ 0/64 INFO :: Iteration=121, Time=1.295613e+01, dt=2.258756e-02, max(Re)=303.118964
2023-07-10 17:11:03,912 __main__ 0/64 INFO :: Iteration=131, Time=1.310109e+01, dt=1.449567e-02, max(Re)=313.899856
2023-07-10 17:11:07,733 __main__ 0/64 INFO :: Iteration=141, Time=1.324604e+01, dt=1.449567e-02, max(Re)=322.421294
2023-07-10 17:11:13,053 __main__ 0/64 INFO :: Iteration=151, Time=1.338256e+01, dt=1.365220e-02, max(Re)=325.260125
2023-07-10 17:11:17,015 __main__ 0/64 INFO :: Iteration=161, Time=1.351909e+01, dt=1.365220e-02, max(Re)=323.727529
2023-07-10 17:11:20,808 __main__ 0/64 INFO :: Iteration=171, Time=1.365561e+01, dt=1.365220e-02, max(Re)=323.547133
2023-07-10 17:11:24,959 __main__ 0/64 INFO :: Iteration=181, Time=1.379213e+01, dt=1.365220e-02, max(Re)=327.496863
2023-07-10 17:11:28,755 __main__ 0/64 INFO :: Iteration=191, Time=1.392865e+01, dt=1.365220e-02, max(Re)=328.622351
2023-07-10 17:11:32,759 __main__ 0/64 INFO :: Iteration=201, Time=1.406517e+01, dt=1.365220e-02, max(Re)=331.274672
2023-07-10 17:11:36,610 __main__ 0/64 INFO :: Iteration=211, Time=1.420170e+01, dt=1.365220e-02, max(Re)=329.862898
2023-07-10 17:11:40,525 __main__ 0/64 INFO :: Iteration=221, Time=1.433822e+01, dt=1.365220e-02, max(Re)=326.235239
2023-07-10 17:11:44,373 __main__ 0/64 INFO :: Iteration=231, Time=1.447474e+01, dt=1.365220e-02, max(Re)=325.695488
2023-07-10 17:11:48,248 __main__ 0/64 INFO :: Iteration=241, Time=1.461126e+01, dt=1.365220e-02, max(Re)=326.497451
2023-07-10 17:11:52,028 __main__ 0/64 INFO :: Iteration=251, Time=1.474778e+01, dt=1.365220e-02, max(Re)=327.055478
2023-07-10 17:11:55,932 __main__ 0/64 INFO :: Iteration=261, Time=1.488431e+01, dt=1.365220e-02, max(Re)=327.394600
2023-07-10 17:12:00,038 __main__ 0/64 INFO :: Iteration=271, Time=1.502083e+01, dt=1.365220e-02, max(Re)=327.545045
2023-07-10 17:12:04,009 __main__ 0/64 INFO :: Iteration=281, Time=1.515735e+01, dt=1.365220e-02, max(Re)=327.554203
2023-07-10 17:12:07,973 __main__ 0/64 INFO :: Iteration=291, Time=1.529387e+01, dt=1.365220e-02, max(Re)=328.812370
2023-07-10 17:12:12,009 __main__ 0/64 INFO :: Iteration=301, Time=1.543039e+01, dt=1.365220e-02, max(Re)=330.548316
2023-07-10 17:12:16,212 __main__ 0/64 INFO :: Iteration=311, Time=1.556692e+01, dt=1.365220e-02, max(Re)=331.818790
2023-07-10 17:12:20,163 __main__ 0/64 INFO :: Iteration=321, Time=1.570344e+01, dt=1.365220e-02, max(Re)=333.084983
2023-07-10 17:12:25,257 __main__ 0/64 INFO :: Iteration=331, Time=1.583287e+01, dt=1.294308e-02, max(Re)=334.041574
2023-07-10 17:12:29,235 __main__ 0/64 INFO :: Iteration=341, Time=1.596230e+01, dt=1.294308e-02, max(Re)=334.387377
2023-07-10 17:12:33,687 __main__ 0/64 INFO :: Iteration=351, Time=1.609173e+01, dt=1.294308e-02, max(Re)=334.472421
2023-07-10 17:12:37,651 __main__ 0/64 INFO :: Iteration=361, Time=1.622116e+01, dt=1.294308e-02, max(Re)=334.116239
2023-07-10 17:12:41,636 __main__ 0/64 INFO :: Iteration=371, Time=1.635059e+01, dt=1.294308e-02, max(Re)=333.395876
2023-07-10 17:12:45,613 __main__ 0/64 INFO :: Iteration=381, Time=1.648002e+01, dt=1.294308e-02, max(Re)=333.043487
2023-07-10 17:12:49,708 __main__ 0/64 INFO :: Iteration=391, Time=1.660945e+01, dt=1.294308e-02, max(Re)=332.616178
2023-07-10 17:12:53,763 __main__ 0/64 INFO :: Iteration=401, Time=1.673888e+01, dt=1.294308e-02, max(Re)=331.986300
2023-07-10 17:12:58,034 __main__ 0/64 INFO :: Iteration=411, Time=1.686831e+01, dt=1.294308e-02, max(Re)=331.146814
2023-07-10 17:13:02,108 __main__ 0/64 INFO :: Iteration=421, Time=1.699775e+01, dt=1.294308e-02, max(Re)=330.096445
2023-07-10 17:13:06,186 __main__ 0/64 INFO :: Iteration=431, Time=1.712718e+01, dt=1.294308e-02, max(Re)=328.831593
2023-07-10 17:13:10,225 __main__ 0/64 INFO :: Iteration=441, Time=1.725661e+01, dt=1.294308e-02, max(Re)=327.325807
2023-07-10 17:13:14,297 __main__ 0/64 INFO :: Iteration=451, Time=1.738604e+01, dt=1.294308e-02, max(Re)=326.073956
2023-07-10 17:13:18,683 __main__ 0/64 INFO :: Iteration=461, Time=1.751547e+01, dt=1.294308e-02, max(Re)=324.862585
2023-07-10 17:13:22,668 __main__ 0/64 INFO :: Iteration=471, Time=1.764490e+01, dt=1.294308e-02, max(Re)=323.329940
2023-07-10 17:13:26,762 __main__ 0/64 INFO :: Iteration=481, Time=1.777433e+01, dt=1.294308e-02, max(Re)=321.432473
2023-07-10 17:13:30,780 __main__ 0/64 INFO :: Iteration=491, Time=1.790376e+01, dt=1.294308e-02, max(Re)=319.121414
2023-07-10 17:13:34,868 __main__ 0/64 INFO :: Iteration=501, Time=1.803319e+01, dt=1.294308e-02, max(Re)=316.414563
2023-07-10 17:13:38,892 __main__ 0/64 INFO :: Iteration=511, Time=1.816262e+01, dt=1.294308e-02, max(Re)=313.370770
2023-07-10 17:13:42,958 __main__ 0/64 INFO :: Iteration=521, Time=1.829205e+01, dt=1.294308e-02, max(Re)=310.467501
2023-07-10 17:13:48,001 __main__ 0/64 INFO :: Iteration=531, Time=1.842892e+01, dt=1.368633e-02, max(Re)=307.084813
2023-07-10 17:13:52,024 __main__ 0/64 INFO :: Iteration=541, Time=1.856578e+01, dt=1.368633e-02, max(Re)=303.120623
2023-07-10 17:13:56,018 __main__ 0/64 INFO :: Iteration=551, Time=1.870264e+01, dt=1.368633e-02, max(Re)=298.540027
2023-07-10 17:14:00,272 __main__ 0/64 INFO :: Iteration=561, Time=1.883951e+01, dt=1.368633e-02, max(Re)=293.416227
2023-07-10 17:14:05,339 __main__ 0/64 INFO :: Iteration=571, Time=1.898382e+01, dt=1.443159e-02, max(Re)=288.224732
2023-07-10 17:14:09,477 __main__ 0/64 INFO :: Iteration=581, Time=1.912814e+01, dt=1.443159e-02, max(Re)=284.115838
2023-07-10 17:14:13,684 __main__ 0/64 INFO :: Iteration=591, Time=1.927245e+01, dt=1.443159e-02, max(Re)=278.993000
2023-07-10 17:14:18,813 __main__ 0/64 INFO :: Iteration=601, Time=1.942560e+01, dt=1.531498e-02, max(Re)=272.334797
2023-07-10 17:14:23,060 __main__ 0/64 INFO :: Iteration=611, Time=1.957875e+01, dt=1.531498e-02, max(Re)=264.296386
2023-07-10 17:14:28,148 __main__ 0/64 INFO :: Iteration=621, Time=1.974030e+01, dt=1.615465e-02, max(Re)=256.566715
2023-07-10 17:14:32,226 __main__ 0/64 INFO :: Iteration=631, Time=1.990185e+01, dt=1.615465e-02, max(Re)=251.172126
2023-07-10 17:14:37,376 __main__ 0/64 INFO :: Iteration=641, Time=2.007473e+01, dt=1.728865e-02, max(Re)=243.705768
2023-07-10 17:14:41,385 __main__ 0/64 INFO :: Iteration=651, Time=2.024762e+01, dt=1.728865e-02, max(Re)=234.086352
2023-07-10 17:14:46,663 __main__ 0/64 INFO :: Iteration=661, Time=2.043585e+01, dt=1.882266e-02, max(Re)=221.057874
2023-07-10 17:14:50,761 __main__ 0/64 INFO :: Iteration=671, Time=2.062407e+01, dt=1.882266e-02, max(Re)=210.284350
2023-07-10 17:14:56,281 __main__ 0/64 INFO :: Iteration=681, Time=2.082470e+01, dt=2.006301e-02, max(Re)=200.031503
2023-07-10 17:15:00,531 __main__ 0/64 INFO :: Iteration=691, Time=2.102533e+01, dt=2.006301e-02, max(Re)=187.620240
2023-07-10 17:15:05,613 __main__ 0/64 INFO :: Iteration=701, Time=2.124022e+01, dt=2.148843e-02, max(Re)=177.758761
2023-07-10 17:15:09,634 __main__ 0/64 INFO :: Iteration=711, Time=2.145510e+01, dt=2.148843e-02, max(Re)=168.200015
2023-07-10 17:15:14,652 __main__ 0/64 INFO :: Iteration=721, Time=2.168792e+01, dt=2.328218e-02, max(Re)=158.537207
2023-07-10 17:15:19,725 __main__ 0/64 INFO :: Iteration=731, Time=2.193241e+01, dt=2.444866e-02, max(Re)=152.075355
2023-07-10 17:15:25,120 __main__ 0/64 INFO :: Iteration=741, Time=2.219047e+01, dt=2.580594e-02, max(Re)=145.209267
2023-07-10 17:15:30,478 __main__ 0/64 INFO :: Iteration=751, Time=2.246513e+01, dt=2.746632e-02, max(Re)=138.134841
2023-07-10 17:15:35,758 __main__ 0/64 INFO :: Iteration=761, Time=2.276001e+01, dt=2.948804e-02, max(Re)=130.874487
2023-07-10 17:15:41,074 __main__ 0/64 INFO :: Iteration=771, Time=2.308006e+01, dt=3.200450e-02, max(Re)=123.346802
2023-07-10 17:15:46,292 __main__ 0/64 INFO :: Iteration=781, Time=2.342869e+01, dt=3.486340e-02, max(Re)=115.732423
2023-07-10 17:15:51,735 __main__ 0/64 INFO :: Iteration=791, Time=2.381057e+01, dt=3.818743e-02, max(Re)=108.195954
2023-07-10 17:15:56,930 __main__ 0/64 INFO :: Iteration=801, Time=2.423091e+01, dt=4.203423e-02, max(Re)=100.937641
2023-07-10 17:16:02,364 __main__ 0/64 INFO :: Iteration=811, Time=2.469225e+01, dt=4.613425e-02, max(Re)=93.749089
2023-07-10 17:16:07,999 __main__ 0/64 INFO :: Iteration=821, Time=2.518255e+01, dt=4.903023e-02, max(Re)=85.335630
2023-07-10 17:16:14,002 __main__ 0/64 INFO :: Iteration=831, Time=2.570584e+01, dt=5.232911e-02, max(Re)=75.245645
2023-07-10 17:16:19,497 __main__ 0/64 INFO :: Iteration=841, Time=2.628481e+01, dt=5.789627e-02, max(Re)=65.215967
2023-07-10 17:16:24,964 __main__ 0/64 INFO :: Iteration=851, Time=2.694713e+01, dt=6.623281e-02, max(Re)=53.039339
2023-07-10 17:16:30,463 __main__ 0/64 INFO :: Iteration=861, Time=2.775359e+01, dt=8.064588e-02, max(Re)=43.521787
2023-07-10 17:16:36,379 __main__ 0/64 INFO :: Iteration=871, Time=2.883369e+01, dt=1.080095e-01, max(Re)=39.174465
2023-07-10 17:16:42,593 __main__ 0/64 INFO :: Iteration=881, Time=3.004779e+01, dt=1.214104e-01, max(Re)=35.536357
2023-07-10 17:16:47,664 __main__ 0/64 INFO :: Iteration=891, Time=3.126190e+01, dt=1.214104e-01, max(Re)=34.689987
2023-07-10 17:16:52,292 __main__ 0/64 INFO :: Iteration=901, Time=3.247600e+01, dt=1.214104e-01, max(Re)=31.193390
2023-07-10 17:16:57,236 __main__ 0/64 INFO :: Iteration=911, Time=3.369010e+01, dt=1.214104e-01, max(Re)=26.699790
2023-07-10 17:17:02,473 __main__ 0/64 INFO :: Iteration=921, Time=3.490421e+01, dt=1.214104e-01, max(Re)=24.371333
2023-07-10 17:17:07,059 __main__ 0/64 INFO :: Iteration=931, Time=3.611831e+01, dt=1.214104e-01, max(Re)=23.821382
2023-07-10 17:17:12,120 __main__ 0/64 INFO :: Iteration=941, Time=3.733242e+01, dt=1.214104e-01, max(Re)=22.897327
2023-07-10 17:17:17,019 __main__ 0/64 INFO :: Iteration=951, Time=3.854652e+01, dt=1.214104e-01, max(Re)=21.054970
2023-07-10 17:17:22,138 __main__ 0/64 INFO :: Iteration=961, Time=3.976062e+01, dt=1.214104e-01, max(Re)=19.228409
2023-07-10 17:17:27,468 __main__ 0/64 INFO :: Iteration=971, Time=4.097473e+01, dt=1.214104e-01, max(Re)=18.461838
2023-07-10 17:17:32,300 __main__ 0/64 INFO :: Iteration=981, Time=4.218883e+01, dt=1.214104e-01, max(Re)=18.920992
2023-07-10 17:17:37,307 __main__ 0/64 INFO :: Iteration=991, Time=4.340293e+01, dt=1.214104e-01, max(Re)=19.659674
2023-07-10 17:17:42,199 __main__ 0/64 INFO :: Iteration=1001, Time=4.461704e+01, dt=1.214104e-01, max(Re)=19.881770
2023-07-10 17:17:47,291 __main__ 0/64 INFO :: Iteration=1011, Time=4.583114e+01, dt=1.214104e-01, max(Re)=18.963620
2023-07-10 17:17:52,292 __main__ 0/64 INFO :: Iteration=1021, Time=4.704525e+01, dt=1.214104e-01, max(Re)=16.660446
2023-07-10 17:17:57,136 __main__ 0/64 INFO :: Iteration=1031, Time=4.825935e+01, dt=1.214104e-01, max(Re)=13.517845
2023-07-10 17:18:02,016 __main__ 0/64 INFO :: Iteration=1041, Time=4.947345e+01, dt=1.214104e-01, max(Re)=10.878286
2023-07-10 17:18:04,457 solvers 0/64 INFO :: Simulation stop time reached.
2023-07-10 17:18:04,468 solvers 0/64 INFO :: Final iteration: 1046
2023-07-10 17:18:04,468 solvers 0/64 INFO :: Final sim time: 50.080505650684856
2023-07-10 17:18:04,468 solvers 0/64 INFO :: Setup time (init - iter 0): 30.63 sec
2023-07-10 17:18:04,468 solvers 0/64 INFO :: Warmup time (iter 0-10): 8.215 sec
2023-07-10 17:18:04,468 solvers 0/64 INFO :: Run time (iter 10-end): 479.1 sec
2023-07-10 17:18:04,468 solvers 0/64 INFO :: CPU time (iter 10-end): 8.518 cpu-hr
2023-07-10 17:18:04,468 solvers 0/64 INFO :: Speed: 8.875e+05 mode-stages/cpu-sec
124000.0
248000.00000000003
124000.0
248000.00000000003
124000.0
248000.00000000003
124000.0
248000.00000000003
124000.0
248000.00000000003
124000.0
248000.00000000003
124000.0
248000.00000000003
124000.0
248000.00000000003
124000.0
248000.00000000003
124000.0
248000.00000000003
124000.0
248000.00000000003
124000.0
248000.00000000003
124000.0
248000.00000000003
124000.0
248000.00000000003
124000.0
248000.00000000003
124000.0
248000.00000000003
124000.0
248000.00000000003
124000.0
248000.00000000003
124000.0
248000.00000000003
124000.0
248000.00000000003
124000.0
248000.00000000003
124000.0
248000.00000000003
124000.0
248000.00000000003
124000.0
248000.00000000003
124000.0
248000.00000000003
124000.0
248000.00000000003
124000.0
248000.00000000003
124000.0
248000.00000000003
124000.0
248000.00000000003
124000.0
248000.00000000003
124000.0
248000.00000000003
124000.0
248000.00000000003
124000.0
248000.00000000003
124000.0
248000.00000000003
124000.0
248000.00000000003
124000.0
248000.00000000003
124000.0
248000.00000000003
124000.0
248000.00000000003
124000.0
248000.00000000003
124000.0
248000.00000000003
124000.0
248000.00000000003
124000.0
248000.00000000003
124000.0
248000.00000000003
124000.0
248000.00000000003
124000.0
248000.00000000003
124000.0
248000.00000000003
124000.0
248000.00000000003
124000.0
248000.00000000003
124000.0
248000.00000000003
124000.0
248000.00000000003
124000.0
248000.00000000003
124000.0
248000.00000000003
124000.0
248000.00000000003
124000.0
248000.00000000003
124000.0
248000.00000000003
124000.0
248000.00000000003
124000.0
248000.00000000003
124000.0
248000.00000000003
124000.0
248000.00000000003
124000.0
248000.00000000003
124000.0
248000.00000000003
124000.0
248000.00000000003
124000.0
248000.00000000003
